2021-11-16 15:07 Breakthrough strategy short sign on IOTX/USDT
IOTX/USDT sell 0.2013 163.87473571783408 0.213
2021-11-16 15:09 Breakthrough strategy short sign on IOTX/USDT
But already have position.
2021-11-16 15:35 Breakthrough strategy long sign on MANA/USDT
But already have position.
2021-11-16 15:36 Breakthrough strategy long sign on MANA/USDT
But already have position.
2021-11-16 15:36 Breakthrough strategy long sign on MANA/USDT
But already have position.
2021-11-16 15:40 Breakthrough strategy long sign on MANA/USDT
But already have position.
2021-11-16 15:40 Breakthrough strategy long sign on MANA/USDT
But already have position.
2021-11-16 15:53 Breakthrough strategy long sign on MANA/USDT
But already have position.
2021-11-16 15:58 Breakthrough strategy long sign on MANA/USDT
But already have position.
2021-11-16 15:59 Breakthrough strategy long sign on MANA/USDT
But already have position.
2021-11-16 16:25 Breakthrough strategy long sign on MANA/USDT
But already have position.
2021-11-16 16:27 Breakthrough strategy long sign on MANA/USDT
But already have position.
2021-11-16 16:28 Breakthrough strategy long sign on MANA/USDT
But already have position.
2021-11-16 16:28 Breakthrough strategy long sign on MANA/USDT
But already have position.
2021-11-16 16:28 Breakthrough strategy long sign on MANA/USDT
But already have position.
2021-11-16 16:29 Breakthrough strategy long sign on MANA/USDT
But already have position.
2021-11-16 16:29 Breakthrough strategy long sign on MANA/USDT
But already have position.
2021-11-16 16:55 Breakthrough strategy long sign on MANA/USDT
But already have position.
2021-11-16 16:55 Breakthrough strategy long sign on MANA/USDT
But already have position.
2021-11-16 16:56 Breakthrough strategy long sign on MANA/USDT
But already have position.
2021-11-16 16:56 Breakthrough strategy long sign on MANA/USDT
But already have position.
2021-11-16 16:57 Breakthrough strategy long sign on MANA/USDT
But already have position.
2021-11-16 16:59 Breakthrough strategy long sign on MANA/USDT
But already have position.
2021-11-16 16:59 Breakthrough strategy long sign on MANA/USDT
But already have position.
2021-11-16 17:21 Breakthrough strategy long sign on MANA/USDT
But already have position.
2021-11-16 17:21 Breakthrough strategy long sign on MANA/USDT
But already have position.
2021-11-16 17:21 Breakthrough strategy long sign on MANA/USDT
But already have position.
2021-11-16 17:22 Breakthrough strategy long sign on MANA/USDT
But already have position.
2021-11-16 17:22 Breakthrough strategy long sign on MANA/USDT
But already have position.
2021-11-16 17:23 Breakthrough strategy long sign on MANA/USDT
But already have position.
2021-11-16 17:23 Breakthrough strategy long sign on MANA/USDT
But already have position.
2021-11-16 17:24 Breakthrough strategy long sign on MANA/USDT
But already have position.
2021-11-16 17:34 Breakthrough strategy long sign on MANA/USDT
But already have position.
2021-11-16 17:39 Breakthrough strategy long sign on MANA/USDT
But already have position.
2021-11-16 17:39 Breakthrough strategy long sign on MANA/USDT
But already have position.
2021-11-16 17:39 Breakthrough strategy long sign on MANA/USDT
But already have position.
2021-11-16 17:51 Breakthrough strategy long sign on IOTX/USDT
IOTX/USDT buy 0.1958 170.96615372829416 0.184
order cancelled
2021-11-16 17:52 Breakthrough strategy long sign on MANA/USDT
But already have position.
2021-11-16 17:52 Breakthrough strategy long sign on IOTX/USDT
IOTX/USDT buy 0.1961 170.87648087710352 0.184
order cancelled
2021-11-16 17:54 Breakthrough strategy long sign on MANA/USDT
But already have position.
2021-11-16 17:54 Breakthrough strategy long sign on IOTX/USDT
IOTX/USDT buy 0.196 170.881775 0.184
2021-11-16 17:54 Breakthrough strategy long sign on MANA/USDT
But already have position.
IOTX/USDT is_volume bybit GET https://api.bybit.com/private/linear/position/list?api_key=thcItMKHlhAp1j5bM7&recv_window=5000&timestamp=1637052973051&sign=0e9a6766e89ecb2bde407cb0fed101ed2a1828c45ad8030832193b1d9c4b2a3a
2021-11-16 17:56 Breakthrough strategy long sign on IOTX/USDT
But already have position.
2021-11-16 17:57 Breakthrough strategy long sign on IOTX/USDT
But already have position.
2021-11-16 17:57 Breakthrough strategy long sign on IOTX/USDT
But already have position.
2021-11-16 17:57 Breakthrough strategy long sign on IOTX/USDT
But already have position.
2021-11-16 17:58 Breakthrough strategy long sign on IOTX/USDT
But already have position.
2021-11-16 17:58 Breakthrough strategy long sign on IOTX/USDT
But already have position.
2021-11-16 17:59 Breakthrough strategy long sign on IOTX/USDT
But already have position.
2021-11-16 18:00 Breakthrough strategy long sign on IOTX/USDT
But already have position.
2021-11-16 18:01 Breakthrough strategy long sign on IOTX/USDT
But already have position.
2021-11-16 18:01 Breakthrough strategy long sign on IOTX/USDT
But already have position.
2021-11-16 18:02 Breakthrough strategy long sign on IOTX/USDT
But already have position.
2021-11-16 18:02 Breakthrough strategy long sign on IOTX/USDT
But already have position.
2021-11-16 18:02 Breakthrough strategy long sign on IOTX/USDT
But already have position.
2021-11-16 18:03 Breakthrough strategy long sign on IOTX/USDT
But already have position.
2021-11-16 18:03 Breakthrough strategy long sign on IOTX/USDT
But already have position.
2021-11-16 18:04 Breakthrough strategy long sign on IOTX/USDT
But already have position.
2021-11-16 18:04 Breakthrough strategy long sign on IOTX/USDT
But already have position.
2021-11-16 18:12 Breakthrough strategy long sign on IOTX/USDT
But already have position.
2021-11-16 18:13 Breakthrough strategy long sign on IOTX/USDT
But already have position.
2021-11-16 18:13 Breakthrough strategy long sign on IOTX/USDT
But already have position.
fast volume error :  binance GET https://api.binance.com/api/v3/klines?interval=5m&limit=150&symbol=MANAUSDT
fast volume error :  binance GET https://api.binance.com/api/v3/klines?interval=5m&limit=150&symbol=MANAUSDT
is_volume There is something problem in signal
New stop_loss_price :  2.8045
MANA/USDT buy 2.921 10.7 2.8045
MANA/USDT is_breakthrough bybit {"ret_code":30076,"ret_msg":"order not modified","ext_code":"","ext_info":"","result":null,"time_now":"1637056887.256644","rate_limit_status":97,"rate_limit_reset_ms":1637056887250,"rate_limit":100}
MANA/USDT is_volume bybit {"ret_code":30076,"ret_msg":"order not modified","ext_code":"","ext_info":"","result":null,"time_now":"1637056900.612696","rate_limit_status":96,"rate_limit_reset_ms":1637056900609,"rate_limit":100}
MANA/USDT is_breakthrough bybit {"ret_code":30076,"ret_msg":"order not modified","ext_code":"","ext_info":"","result":null,"time_now":"1637056912.867639","rate_limit_status":95,"rate_limit_reset_ms":1637056912864,"rate_limit":100}
New stop_loss_price :  2.3923
SAND/USDT buy 2.4881 14.0 2.3923
MANA/USDT is_volume bybit {"ret_code":30076,"ret_msg":"order not modified","ext_code":"","ext_info":"","result":null,"time_now":"1637056929.450480","rate_limit_status":99,"rate_limit_reset_ms":1637056929437,"rate_limit":100}
New stop_loss_price :  0.18
IOTX/USDT buy 0.18845 170.0 0.18
MANA/USDT is_breakthrough bybit {"ret_code":30076,"ret_msg":"order not modified","ext_code":"","ext_info":"","result":null,"time_now":"1637056944.668690","rate_limit_status":98,"rate_limit_reset_ms":1637056944665,"rate_limit":100}
SAND/USDT is_breakthrough bybit {"ret_code":30076,"ret_msg":"order not modified","ext_code":"","ext_info":"","result":null,"time_now":"1637056954.848641","rate_limit_status":97,"rate_limit_reset_ms":1637056954846,"rate_limit":100}
IOTX/USDT is_volume bybit {"ret_code":30076,"ret_msg":"order not modified","ext_code":"","ext_info":"","result":null,"time_now":"1637056959.173116","rate_limit_status":97,"rate_limit_reset_ms":1637056959167,"rate_limit":100}
SAND/USDT is_volume bybit {"ret_code":30076,"ret_msg":"order not modified","ext_code":"","ext_info":"","result":null,"time_now":"1637056961.262219","rate_limit_status":96,"rate_limit_reset_ms":1637056961259,"rate_limit":100}
IOTX/USDT is_breakthrough bybit {"ret_code":30076,"ret_msg":"order not modified","ext_code":"","ext_info":"","result":null,"time_now":"1637056973.243488","rate_limit_status":96,"rate_limit_reset_ms":1637056973239,"rate_limit":100}
SAND/USDT is_breakthrough bybit {"ret_code":30076,"ret_msg":"order not modified","ext_code":"","ext_info":"","result":null,"time_now":"1637056977.993018","rate_limit_status":95,"rate_limit_reset_ms":1637056977989,"rate_limit":100}
IOTX/USDT is_volume bybit {"ret_code":30076,"ret_msg":"order not modified","ext_code":"","ext_info":"","result":null,"time_now":"1637056982.282057","rate_limit_status":95,"rate_limit_reset_ms":1637056982278,"rate_limit":100}
SAND/USDT is_volume bybit {"ret_code":30076,"ret_msg":"order not modified","ext_code":"","ext_info":"","result":null,"time_now":"1637056984.150820","rate_limit_status":94,"rate_limit_reset_ms":1637056984147,"rate_limit":100}
IOTX/USDT is_breakthrough bybit {"ret_code":30076,"ret_msg":"order not modified","ext_code":"","ext_info":"","result":null,"time_now":"1637056996.609618","rate_limit_status":99,"rate_limit_reset_ms":1637056996607,"rate_limit":100}
SAND/USDT is_breakthrough bybit {"ret_code":30076,"ret_msg":"order not modified","ext_code":"","ext_info":"","result":null,"time_now":"1637057001.315395","rate_limit_status":99,"rate_limit_reset_ms":1637057001313,"rate_limit":100}
IOTX/USDT is_volume bybit {"ret_code":30076,"ret_msg":"order not modified","ext_code":"","ext_info":"","result":null,"time_now":"1637057005.559786","rate_limit_status":98,"rate_limit_reset_ms":1637057005547,"rate_limit":100}
SAND/USDT is_volume bybit {"ret_code":30076,"ret_msg":"order not modified","ext_code":"","ext_info":"","result":null,"time_now":"1637057007.436981","rate_limit_status":98,"rate_limit_reset_ms":1637057007434,"rate_limit":100}
IOTX/USDT is_breakthrough bybit {"ret_code":30076,"ret_msg":"order not modified","ext_code":"","ext_info":"","result":null,"time_now":"1637057019.323673","rate_limit_status":97,"rate_limit_reset_ms":1637057019321,"rate_limit":100}
SAND/USDT is_breakthrough bybit {"ret_code":30076,"ret_msg":"order not modified","ext_code":"","ext_info":"","result":null,"time_now":"1637057024.057784","rate_limit_status":97,"rate_limit_reset_ms":1637057024055,"rate_limit":100}
fast volume error :  binance GET https://api.binance.com/api/v3/klines?interval=5m&limit=150&symbol=MANAUSDT
is_volume There is something problem in signal
IOTX/USDT is_volume bybit {"ret_code":30076,"ret_msg":"order not modified","ext_code":"","ext_info":"","result":null,"time_now":"1637057029.784796","rate_limit_status":96,"rate_limit_reset_ms":1637057029781,"rate_limit":100}
SAND/USDT is_volume bybit {"ret_code":30076,"ret_msg":"order not modified","ext_code":"","ext_info":"","result":null,"time_now":"1637057031.692394","rate_limit_status":96,"rate_limit_reset_ms":1637057031688,"rate_limit":100}
IOTX/USDT is_breakthrough bybit {"ret_code":30076,"ret_msg":"order not modified","ext_code":"","ext_info":"","result":null,"time_now":"1637057043.768213","rate_limit_status":95,"rate_limit_reset_ms":1637057043766,"rate_limit":100}
SAND/USDT is_breakthrough bybit {"ret_code":30076,"ret_msg":"order not modified","ext_code":"","ext_info":"","result":null,"time_now":"1637057048.499726","rate_limit_status":95,"rate_limit_reset_ms":1637057048496,"rate_limit":100}
IOTX/USDT is_volume bybit {"ret_code":30076,"ret_msg":"order not modified","ext_code":"","ext_info":"","result":null,"time_now":"1637057052.783586","rate_limit_status":94,"rate_limit_reset_ms":1637057052776,"rate_limit":100}
SAND/USDT is_volume bybit {"ret_code":30076,"ret_msg":"order not modified","ext_code":"","ext_info":"","result":null,"time_now":"1637057054.664665","rate_limit_status":94,"rate_limit_reset_ms":1637057054661,"rate_limit":100}
IOTX/USDT is_breakthrough bybit {"ret_code":30076,"ret_msg":"order not modified","ext_code":"","ext_info":"","result":null,"time_now":"1637057066.650469","rate_limit_status":99,"rate_limit_reset_ms":1637057066628,"rate_limit":100}
New stop_loss_price :  2.741
MANA/USDT buy 2.8485 21.4 2.741
MANA/USDT is_breakthrough bybit {"ret_code":30076,"ret_msg":"order not modified","ext_code":"","ext_info":"","result":null,"time_now":"1637057194.737411","rate_limit_status":97,"rate_limit_reset_ms":1637057194734,"rate_limit":100}
MANA/USDT is_volume bybit {"ret_code":30076,"ret_msg":"order not modified","ext_code":"","ext_info":"","result":null,"time_now":"1637057207.441570","rate_limit_status":96,"rate_limit_reset_ms":1637057207435,"rate_limit":100}
MANA/USDT is_breakthrough bybit {"ret_code":30076,"ret_msg":"order not modified","ext_code":"","ext_info":"","result":null,"time_now":"1637057219.184055","rate_limit_status":95,"rate_limit_reset_ms":1637057219180,"rate_limit":100}
MANA/USDT is_volume bybit {"ret_code":30076,"ret_msg":"order not modified","ext_code":"","ext_info":"","result":null,"time_now":"1637057231.564233","rate_limit_status":99,"rate_limit_reset_ms":1637057231552,"rate_limit":100}
MANA/USDT is_breakthrough bybit {"ret_code":30076,"ret_msg":"order not modified","ext_code":"","ext_info":"","result":null,"time_now":"1637057243.218501","rate_limit_status":98,"rate_limit_reset_ms":1637057243215,"rate_limit":100}
MANA/USDT is_volume bybit {"ret_code":30076,"ret_msg":"order not modified","ext_code":"","ext_info":"","result":null,"time_now":"1637057255.619521","rate_limit_status":97,"rate_limit_reset_ms":1637057255617,"rate_limit":100}
MANA/USDT is_breakthrough bybit {"ret_code":30076,"ret_msg":"order not modified","ext_code":"","ext_info":"","result":null,"time_now":"1637057267.582330","rate_limit_status":96,"rate_limit_reset_ms":1637057267578,"rate_limit":100}
MANA/USDT is_volume bybit {"ret_code":30076,"ret_msg":"order not modified","ext_code":"","ext_info":"","result":null,"time_now":"1637057280.078104","rate_limit_status":95,"rate_limit_reset_ms":1637057280075,"rate_limit":100}
MANA/USDT is_breakthrough bybit {"ret_code":30076,"ret_msg":"order not modified","ext_code":"","ext_info":"","result":null,"time_now":"1637057291.695714","rate_limit_status":99,"rate_limit_reset_ms":1637057291691,"rate_limit":100}
MANA/USDT is_volume bybit {"ret_code":30076,"ret_msg":"order not modified","ext_code":"","ext_info":"","result":null,"time_now":"1637057304.112884","rate_limit_status":98,"rate_limit_reset_ms":1637057304111,"rate_limit":100}
New stop_loss_price :  2.3428
SAND/USDT buy 2.4397 28.0 2.3428
MANA/USDT is_breakthrough bybit {"ret_code":30076,"ret_msg":"order not modified","ext_code":"","ext_info":"","result":null,"time_now":"1637057321.366120","rate_limit_status":97,"rate_limit_reset_ms":1637057321357,"rate_limit":100}
MANA/USDT is_volume bybit {"ret_code":30076,"ret_msg":"order not modified","ext_code":"","ext_info":"","result":null,"time_now":"1637057334.496047","rate_limit_status":96,"rate_limit_reset_ms":1637057334492,"rate_limit":100}
SAND/USDT is_volume bybit {"ret_code":30076,"ret_msg":"order not modified","ext_code":"","ext_info":"","result":null,"time_now":"1637057338.801293","rate_limit_status":97,"rate_limit_reset_ms":1637057338797,"rate_limit":100}
MANA/USDT is_breakthrough bybit {"ret_code":30076,"ret_msg":"order not modified","ext_code":"","ext_info":"","result":null,"time_now":"1637057345.543772","rate_limit_status":95,"rate_limit_reset_ms":1637057345541,"rate_limit":100}
New stop_loss_price :  0.176
IOTX/USDT buy 0.18285 340.0 0.176
SAND/USDT is_breakthrough bybit {"ret_code":30076,"ret_msg":"order not modified","ext_code":"","ext_info":"","result":null,"time_now":"1637057359.089849","rate_limit_status":96,"rate_limit_reset_ms":1637057359083,"rate_limit":100}
MANA/USDT is_volume bybit {"ret_code":30076,"ret_msg":"order not modified","ext_code":"","ext_info":"","result":null,"time_now":"1637057361.018246","rate_limit_status":99,"rate_limit_reset_ms":1637057361013,"rate_limit":100}
SAND/USDT is_volume bybit {"ret_code":30076,"ret_msg":"order not modified","ext_code":"","ext_info":"","result":null,"time_now":"1637057365.624187","rate_limit_status":95,"rate_limit_reset_ms":1637057365617,"rate_limit":100}
MANA/USDT is_breakthrough bybit {"ret_code":30076,"ret_msg":"order not modified","ext_code":"","ext_info":"","result":null,"time_now":"1637057372.325209","rate_limit_status":98,"rate_limit_reset_ms":1637057372321,"rate_limit":100}
IOTX/USDT is_breakthrough bybit {"ret_code":30076,"ret_msg":"order not modified","ext_code":"","ext_info":"","result":null,"time_now":"1637057377.109480","rate_limit_status":97,"rate_limit_reset_ms":1637057377107,"rate_limit":100}
SAND/USDT is_breakthrough bybit {"ret_code":30076,"ret_msg":"order not modified","ext_code":"","ext_info":"","result":null,"time_now":"1637057381.853510","rate_limit_status":99,"rate_limit_reset_ms":1637057381841,"rate_limit":100}
MANA/USDT is_volume bybit {"ret_code":30076,"ret_msg":"order not modified","ext_code":"","ext_info":"","result":null,"time_now":"1637057383.757844","rate_limit_status":97,"rate_limit_reset_ms":1637057383754,"rate_limit":100}
IOTX/USDT is_volume bybit {"ret_code":30076,"ret_msg":"order not modified","ext_code":"","ext_info":"","result":null,"time_now":"1637057386.110383","rate_limit_status":96,"rate_limit_reset_ms":1637057386107,"rate_limit":100}
MANA/USDT is_breakthrough bybit {"ret_code":30076,"ret_msg":"order not modified","ext_code":"","ext_info":"","result":null,"time_now":"1637057394.617457","rate_limit_status":96,"rate_limit_reset_ms":1637057394614,"rate_limit":100}
IOTX/USDT is_breakthrough bybit {"ret_code":30076,"ret_msg":"order not modified","ext_code":"","ext_info":"","result":null,"time_now":"1637057399.403817","rate_limit_status":95,"rate_limit_reset_ms":1637057399397,"rate_limit":100}
IOTX/USDT is_volume bybit {"ret_code":30076,"ret_msg":"order not modified","ext_code":"","ext_info":"","result":null,"time_now":"1637057407.561876","rate_limit_status":94,"rate_limit_reset_ms":1637057407558,"rate_limit":100}
IOTX/USDT is_breakthrough bybit {"ret_code":30076,"ret_msg":"order not modified","ext_code":"","ext_info":"","result":null,"time_now":"1637057420.433888","rate_limit_status":99,"rate_limit_reset_ms":1637057420431,"rate_limit":100}
IOTX/USDT is_volume bybit {"ret_code":30076,"ret_msg":"order not modified","ext_code":"","ext_info":"","result":null,"time_now":"1637057428.621687","rate_limit_status":98,"rate_limit_reset_ms":1637057428618,"rate_limit":100}
IOTX/USDT is_breakthrough bybit {"ret_code":30076,"ret_msg":"order not modified","ext_code":"","ext_info":"","result":null,"time_now":"1637057441.768970","rate_limit_status":97,"rate_limit_reset_ms":1637057441767,"rate_limit":100}
IOTX/USDT is_volume bybit {"ret_code":30076,"ret_msg":"order not modified","ext_code":"","ext_info":"","result":null,"time_now":"1637057450.512436","rate_limit_status":96,"rate_limit_reset_ms":1637057450509,"rate_limit":100}
IOTX/USDT is_breakthrough bybit {"ret_code":30076,"ret_msg":"order not modified","ext_code":"","ext_info":"","result":null,"time_now":"1637057463.814328","rate_limit_status":95,"rate_limit_reset_ms":1637057463812,"rate_limit":100}
IOTX/USDT is_volume bybit {"ret_code":30076,"ret_msg":"order not modified","ext_code":"","ext_info":"","result":null,"time_now":"1637057473.410368","rate_limit_status":94,"rate_limit_reset_ms":1637057473407,"rate_limit":100}
IOTX/USDT is_breakthrough bybit {"ret_code":30076,"ret_msg":"order not modified","ext_code":"","ext_info":"","result":null,"time_now":"1637057486.773735","rate_limit_status":99,"rate_limit_reset_ms":1637057486770,"rate_limit":100}
IOTX/USDT is_volume bybit {"ret_code":30076,"ret_msg":"order not modified","ext_code":"","ext_info":"","result":null,"time_now":"1637057495.062264","rate_limit_status":98,"rate_limit_reset_ms":1637057495058,"rate_limit":100}
IOTX/USDT is_breakthrough bybit {"ret_code":30076,"ret_msg":"order not modified","ext_code":"","ext_info":"","result":null,"time_now":"1637057508.228390","rate_limit_status":97,"rate_limit_reset_ms":1637057508226,"rate_limit":100}
IOTX/USDT is_volume bybit {"ret_code":30076,"ret_msg":"order not modified","ext_code":"","ext_info":"","result":null,"time_now":"1637057516.506312","rate_limit_status":96,"rate_limit_reset_ms":1637057516498,"rate_limit":100}
IOTX/USDT is_breakthrough bybit {"ret_code":30076,"ret_msg":"order not modified","ext_code":"","ext_info":"","result":null,"time_now":"1637057530.052402","rate_limit_status":95,"rate_limit_reset_ms":1637057530049,"rate_limit":100}
IOTX/USDT is_volume bybit {"ret_code":30076,"ret_msg":"order not modified","ext_code":"","ext_info":"","result":null,"time_now":"1637057539.155137","rate_limit_status":94,"rate_limit_reset_ms":1637057539149,"rate_limit":100}
IOTX/USDT is_breakthrough bybit {"ret_code":30076,"ret_msg":"order not modified","ext_code":"","ext_info":"","result":null,"time_now":"1637057552.073485","rate_limit_status":99,"rate_limit_reset_ms":1637057552071,"rate_limit":100}
MANA/USDT is_volume bybit {"ret_code":10002,"ret_msg":"invalid request, please check your timestamp and recv_window param. req_timestamp: 1637057563602 server_timestamp: 1637057572517 recv_window: 5000","ext_code":"","ext_info":"","result":null,"time_now":"1637057572.517377"}
IOTX/USDT is_volume bybit {"ret_code":30076,"ret_msg":"order not modified","ext_code":"","ext_info":"","result":null,"time_now":"1637057574.917989","rate_limit_status":98,"rate_limit_reset_ms":1637057574914,"rate_limit":100}
IOTX/USDT is_breakthrough bybit {"ret_code":30076,"ret_msg":"order not modified","ext_code":"","ext_info":"","result":null,"time_now":"1637057588.012907","rate_limit_status":97,"rate_limit_reset_ms":1637057588009,"rate_limit":100}
IOTX/USDT is_volume bybit {"ret_code":30076,"ret_msg":"order not modified","ext_code":"","ext_info":"","result":null,"time_now":"1637057597.208747","rate_limit_status":96,"rate_limit_reset_ms":1637057597202,"rate_limit":100}
IOTX/USDT is_breakthrough bybit {"ret_code":30076,"ret_msg":"order not modified","ext_code":"","ext_info":"","result":null,"time_now":"1637057610.224157","rate_limit_status":95,"rate_limit_reset_ms":1637057610221,"rate_limit":100}
2021-11-16 19:33 Breakthrough strategy long sign on IOTX/USDT
IOTX/USDT buy 0.18385 124.0055391895567 0.172
order cancelled
IOTX/USDT is_breakthrough bybit {"ret_code":20001,"ret_msg":"order not exists or too late to replace","ext_code":"","ext_info":"","result":null,"time_now":"1637058889.719715","rate_limit_status":98,"rate_limit_reset_ms":1637058889716,"rate_limit":100}
2021-11-16 19:34 Breakthrough strategy long sign on SAND/USDT
SAND/USDT buy 2.4415 9.365233055498669 2.295
IOTX/USDT is_volume bybit {"ret_code":20001,"ret_msg":"order not exists or too late to replace","ext_code":"","ext_info":"","result":null,"time_now":"1637058903.098669","rate_limit_status":97,"rate_limit_reset_ms":1637058903095,"rate_limit":100}
SAND/USDT is_volume bybit {"ret_code":130125,"ret_msg":"orderQty will be truncated to zero.","ext_code":"","ext_info":"","result":null,"time_now":"1637058905.499132","rate_limit_status":97,"rate_limit_reset_ms":1637058905497,"rate_limit":100}
IOTX/USDT is_breakthrough bybit {"ret_code":20001,"ret_msg":"order not exists or too late to replace","ext_code":"","ext_info":"","result":null,"time_now":"1637058917.385161","rate_limit_status":96,"rate_limit_reset_ms":1637058917382,"rate_limit":100}
SAND/USDT is_breakthrough bybit {"ret_code":130125,"ret_msg":"orderQty will be truncated to zero.","ext_code":"","ext_info":"","result":null,"time_now":"1637058922.238698","rate_limit_status":96,"rate_limit_reset_ms":1637058922236,"rate_limit":100}
IOTX/USDT is_volume bybit {"ret_code":20001,"ret_msg":"order not exists or too late to replace","ext_code":"","ext_info":"","result":null,"time_now":"1637058926.208108","rate_limit_status":95,"rate_limit_reset_ms":1637058926203,"rate_limit":100}
SAND/USDT is_volume bybit {"ret_code":130125,"ret_msg":"orderQty will be truncated to zero.","ext_code":"","ext_info":"","result":null,"time_now":"1637058928.339047","rate_limit_status":95,"rate_limit_reset_ms":1637058928336,"rate_limit":100}
IOTX/USDT is_breakthrough bybit {"ret_code":20001,"ret_msg":"order not exists or too late to replace","ext_code":"","ext_info":"","result":null,"time_now":"1637058939.802480","rate_limit_status":94,"rate_limit_reset_ms":1637058939799,"rate_limit":100}
SAND/USDT is_breakthrough bybit {"ret_code":130125,"ret_msg":"orderQty will be truncated to zero.","ext_code":"","ext_info":"","result":null,"time_now":"1637058944.602723","rate_limit_status":94,"rate_limit_reset_ms":1637058944600,"rate_limit":100}
IOTX/USDT is_volume bybit {"ret_code":20001,"ret_msg":"order not exists or too late to replace","ext_code":"","ext_info":"","result":null,"time_now":"1637058948.349918","rate_limit_status":93,"rate_limit_reset_ms":1637058948347,"rate_limit":100}
SAND/USDT is_volume bybit {"ret_code":130125,"ret_msg":"orderQty will be truncated to zero.","ext_code":"","ext_info":"","result":null,"time_now":"1637058950.383055","rate_limit_status":93,"rate_limit_reset_ms":1637058950379,"rate_limit":100}
IOTX/USDT is_breakthrough bybit {"ret_code":20001,"ret_msg":"order not exists or too late to replace","ext_code":"","ext_info":"","result":null,"time_now":"1637058961.917463","rate_limit_status":99,"rate_limit_reset_ms":1637058961915,"rate_limit":100}
SAND/USDT is_breakthrough bybit {"ret_code":130125,"ret_msg":"orderQty will be truncated to zero.","ext_code":"","ext_info":"","result":null,"time_now":"1637058966.735036","rate_limit_status":99,"rate_limit_reset_ms":1637058966730,"rate_limit":100}
IOTX/USDT is_volume bybit {"ret_code":20001,"ret_msg":"order not exists or too late to replace","ext_code":"","ext_info":"","result":null,"time_now":"1637058970.907349","rate_limit_status":98,"rate_limit_reset_ms":1637058970896,"rate_limit":100}
SAND/USDT is_volume bybit {"ret_code":130125,"ret_msg":"orderQty will be truncated to zero.","ext_code":"","ext_info":"","result":null,"time_now":"1637058972.954459","rate_limit_status":98,"rate_limit_reset_ms":1637058972952,"rate_limit":100}
IOTX/USDT is_breakthrough bybit {"ret_code":20001,"ret_msg":"order not exists or too late to replace","ext_code":"","ext_info":"","result":null,"time_now":"1637058984.289315","rate_limit_status":97,"rate_limit_reset_ms":1637058984281,"rate_limit":100}
SAND/USDT is_breakthrough bybit {"ret_code":130125,"ret_msg":"orderQty will be truncated to zero.","ext_code":"","ext_info":"","result":null,"time_now":"1637058989.064947","rate_limit_status":97,"rate_limit_reset_ms":1637058989062,"rate_limit":100}
IOTX/USDT is_volume bybit {"ret_code":20001,"ret_msg":"order not exists or too late to replace","ext_code":"","ext_info":"","result":null,"time_now":"1637058992.730395","rate_limit_status":96,"rate_limit_reset_ms":1637058992727,"rate_limit":100}
SAND/USDT is_volume bybit {"ret_code":130125,"ret_msg":"orderQty will be truncated to zero.","ext_code":"","ext_info":"","result":null,"time_now":"1637058994.928469","rate_limit_status":96,"rate_limit_reset_ms":1637058994924,"rate_limit":100}
IOTX/USDT is_breakthrough bybit {"ret_code":20001,"ret_msg":"order not exists or too late to replace","ext_code":"","ext_info":"","result":null,"time_now":"1637059006.265967","rate_limit_status":95,"rate_limit_reset_ms":1637059006262,"rate_limit":100}
SAND/USDT is_breakthrough bybit {"ret_code":130125,"ret_msg":"orderQty will be truncated to zero.","ext_code":"","ext_info":"","result":null,"time_now":"1637059011.082441","rate_limit_status":95,"rate_limit_reset_ms":1637059011078,"rate_limit":100}
IOTX/USDT is_volume bybit {"ret_code":20001,"ret_msg":"order not exists or too late to replace","ext_code":"","ext_info":"","result":null,"time_now":"1637059014.715208","rate_limit_status":94,"rate_limit_reset_ms":1637059014712,"rate_limit":100}
SAND/USDT is_volume bybit {"ret_code":130125,"ret_msg":"orderQty will be truncated to zero.","ext_code":"","ext_info":"","result":null,"time_now":"1637059016.691088","rate_limit_status":94,"rate_limit_reset_ms":1637059016687,"rate_limit":100}
IOTX/USDT is_breakthrough bybit {"ret_code":20001,"ret_msg":"order not exists or too late to replace","ext_code":"","ext_info":"","result":null,"time_now":"1637059028.036161","rate_limit_status":99,"rate_limit_reset_ms":1637059028031,"rate_limit":100}
SAND/USDT is_breakthrough bybit {"ret_code":130125,"ret_msg":"orderQty will be truncated to zero.","ext_code":"","ext_info":"","result":null,"time_now":"1637059032.903638","rate_limit_status":99,"rate_limit_reset_ms":1637059032901,"rate_limit":100}
IOTX/USDT is_volume bybit {"ret_code":20001,"ret_msg":"order not exists or too late to replace","ext_code":"","ext_info":"","result":null,"time_now":"1637059036.672580","rate_limit_status":98,"rate_limit_reset_ms":1637059036668,"rate_limit":100}
SAND/USDT is_volume bybit {"ret_code":130125,"ret_msg":"orderQty will be truncated to zero.","ext_code":"","ext_info":"","result":null,"time_now":"1637059038.756469","rate_limit_status":98,"rate_limit_reset_ms":1637059038754,"rate_limit":100}
IOTX/USDT is_breakthrough bybit {"ret_code":20001,"ret_msg":"order not exists or too late to replace","ext_code":"","ext_info":"","result":null,"time_now":"1637059050.371554","rate_limit_status":97,"rate_limit_reset_ms":1637059050368,"rate_limit":100}
SAND/USDT is_breakthrough bybit {"ret_code":130125,"ret_msg":"orderQty will be truncated to zero.","ext_code":"","ext_info":"","result":null,"time_now":"1637059055.155455","rate_limit_status":97,"rate_limit_reset_ms":1637059055153,"rate_limit":100}
IOTX/USDT is_volume bybit {"ret_code":20001,"ret_msg":"order not exists or too late to replace","ext_code":"","ext_info":"","result":null,"time_now":"1637059058.832920","rate_limit_status":96,"rate_limit_reset_ms":1637059058829,"rate_limit":100}
SAND/USDT is_volume bybit {"ret_code":130125,"ret_msg":"orderQty will be truncated to zero.","ext_code":"","ext_info":"","result":null,"time_now":"1637059060.784404","rate_limit_status":96,"rate_limit_reset_ms":1637059060782,"rate_limit":100}
IOTX/USDT is_breakthrough bybit {"ret_code":20001,"ret_msg":"order not exists or too late to replace","ext_code":"","ext_info":"","result":null,"time_now":"1637059072.250711","rate_limit_status":95,"rate_limit_reset_ms":1637059072248,"rate_limit":100}
SAND/USDT is_breakthrough bybit {"ret_code":130125,"ret_msg":"orderQty will be truncated to zero.","ext_code":"","ext_info":"","result":null,"time_now":"1637059077.056187","rate_limit_status":95,"rate_limit_reset_ms":1637059077053,"rate_limit":100}
IOTX/USDT is_volume bybit {"ret_code":20001,"ret_msg":"order not exists or too late to replace","ext_code":"","ext_info":"","result":null,"time_now":"1637059081.021636","rate_limit_status":94,"rate_limit_reset_ms":1637059081017,"rate_limit":100}
SAND/USDT is_volume bybit {"ret_code":130125,"ret_msg":"orderQty will be truncated to zero.","ext_code":"","ext_info":"","result":null,"time_now":"1637059082.951783","rate_limit_status":94,"rate_limit_reset_ms":1637059082949,"rate_limit":100}
IOTX/USDT is_breakthrough bybit {"ret_code":20001,"ret_msg":"order not exists or too late to replace","ext_code":"","ext_info":"","result":null,"time_now":"1637059094.607136","rate_limit_status":99,"rate_limit_reset_ms":1637059094604,"rate_limit":100}
SAND/USDT is_breakthrough bybit {"ret_code":130125,"ret_msg":"orderQty will be truncated to zero.","ext_code":"","ext_info":"","result":null,"time_now":"1637059099.418403","rate_limit_status":99,"rate_limit_reset_ms":1637059099413,"rate_limit":100}
IOTX/USDT is_volume bybit {"ret_code":20001,"ret_msg":"order not exists or too late to replace","ext_code":"","ext_info":"","result":null,"time_now":"1637059103.460634","rate_limit_status":98,"rate_limit_reset_ms":1637059103457,"rate_limit":100}
SAND/USDT is_volume bybit {"ret_code":130125,"ret_msg":"orderQty will be truncated to zero.","ext_code":"","ext_info":"","result":null,"time_now":"1637059105.393933","rate_limit_status":98,"rate_limit_reset_ms":1637059105391,"rate_limit":100}
IOTX/USDT is_breakthrough bybit {"ret_code":20001,"ret_msg":"order not exists or too late to replace","ext_code":"","ext_info":"","result":null,"time_now":"1637059116.980496","rate_limit_status":97,"rate_limit_reset_ms":1637059116975,"rate_limit":100}
SAND/USDT is_breakthrough bybit {"ret_code":130125,"ret_msg":"orderQty will be truncated to zero.","ext_code":"","ext_info":"","result":null,"time_now":"1637059121.802363","rate_limit_status":97,"rate_limit_reset_ms":1637059121798,"rate_limit":100}
IOTX/USDT is_volume bybit {"ret_code":20001,"ret_msg":"order not exists or too late to replace","ext_code":"","ext_info":"","result":null,"time_now":"1637059125.831542","rate_limit_status":96,"rate_limit_reset_ms":1637059125827,"rate_limit":100}
SAND/USDT is_volume bybit {"ret_code":130125,"ret_msg":"orderQty will be truncated to zero.","ext_code":"","ext_info":"","result":null,"time_now":"1637059127.803292","rate_limit_status":96,"rate_limit_reset_ms":1637059127799,"rate_limit":100}
IOTX/USDT is_breakthrough bybit {"ret_code":20001,"ret_msg":"order not exists or too late to replace","ext_code":"","ext_info":"","result":null,"time_now":"1637059139.450512","rate_limit_status":95,"rate_limit_reset_ms":1637059139442,"rate_limit":100}
SAND/USDT is_breakthrough bybit {"ret_code":130125,"ret_msg":"orderQty will be truncated to zero.","ext_code":"","ext_info":"","result":null,"time_now":"1637059144.349555","rate_limit_status":95,"rate_limit_reset_ms":1637059144346,"rate_limit":100}
IOTX/USDT is_volume bybit {"ret_code":20001,"ret_msg":"order not exists or too late to replace","ext_code":"","ext_info":"","result":null,"time_now":"1637059147.985959","rate_limit_status":94,"rate_limit_reset_ms":1637059147982,"rate_limit":100}
SAND/USDT is_volume bybit {"ret_code":130125,"ret_msg":"orderQty will be truncated to zero.","ext_code":"","ext_info":"","result":null,"time_now":"1637059150.317327","rate_limit_status":94,"rate_limit_reset_ms":1637059150314,"rate_limit":100}
IOTX/USDT is_breakthrough bybit {"ret_code":20001,"ret_msg":"order not exists or too late to replace","ext_code":"","ext_info":"","result":null,"time_now":"1637059161.660811","rate_limit_status":99,"rate_limit_reset_ms":1637059161658,"rate_limit":100}
SAND/USDT is_breakthrough bybit {"ret_code":130125,"ret_msg":"orderQty will be truncated to zero.","ext_code":"","ext_info":"","result":null,"time_now":"1637059166.501143","rate_limit_status":99,"rate_limit_reset_ms":1637059166498,"rate_limit":100}
IOTX/USDT is_volume bybit {"ret_code":20001,"ret_msg":"order not exists or too late to replace","ext_code":"","ext_info":"","result":null,"time_now":"1637059170.256038","rate_limit_status":98,"rate_limit_reset_ms":1637059170252,"rate_limit":100}
SAND/USDT is_volume bybit {"ret_code":130125,"ret_msg":"orderQty will be truncated to zero.","ext_code":"","ext_info":"","result":null,"time_now":"1637059172.185268","rate_limit_status":98,"rate_limit_reset_ms":1637059172179,"rate_limit":100}
IOTX/USDT is_breakthrough bybit {"ret_code":20001,"ret_msg":"order not exists or too late to replace","ext_code":"","ext_info":"","result":null,"time_now":"1637059183.504275","rate_limit_status":97,"rate_limit_reset_ms":1637059183502,"rate_limit":100}
SAND/USDT is_breakthrough bybit {"ret_code":130125,"ret_msg":"orderQty will be truncated to zero.","ext_code":"","ext_info":"","result":null,"time_now":"1637059188.338259","rate_limit_status":97,"rate_limit_reset_ms":1637059188334,"rate_limit":100}
IOTX/USDT is_volume bybit {"ret_code":20001,"ret_msg":"order not exists or too late to replace","ext_code":"","ext_info":"","result":null,"time_now":"1637059191.976077","rate_limit_status":96,"rate_limit_reset_ms":1637059191974,"rate_limit":100}
SAND/USDT is_volume bybit {"ret_code":130125,"ret_msg":"orderQty will be truncated to zero.","ext_code":"","ext_info":"","result":null,"time_now":"1637059193.930676","rate_limit_status":96,"rate_limit_reset_ms":1637059193926,"rate_limit":100}
IOTX/USDT is_breakthrough bybit {"ret_code":20001,"ret_msg":"order not exists or too late to replace","ext_code":"","ext_info":"","result":null,"time_now":"1637059205.324469","rate_limit_status":95,"rate_limit_reset_ms":1637059205315,"rate_limit":100}
SAND/USDT is_breakthrough bybit {"ret_code":130125,"ret_msg":"orderQty will be truncated to zero.","ext_code":"","ext_info":"","result":null,"time_now":"1637059210.142599","rate_limit_status":95,"rate_limit_reset_ms":1637059210138,"rate_limit":100}
IOTX/USDT is_volume bybit {"ret_code":20001,"ret_msg":"order not exists or too late to replace","ext_code":"","ext_info":"","result":null,"time_now":"1637059214.173470","rate_limit_status":94,"rate_limit_reset_ms":1637059214170,"rate_limit":100}
SAND/USDT is_volume bybit {"ret_code":130125,"ret_msg":"orderQty will be truncated to zero.","ext_code":"","ext_info":"","result":null,"time_now":"1637059216.088701","rate_limit_status":94,"rate_limit_reset_ms":1637059216086,"rate_limit":100}
IOTX/USDT is_breakthrough bybit {"ret_code":20001,"ret_msg":"order not exists or too late to replace","ext_code":"","ext_info":"","result":null,"time_now":"1637059227.390173","rate_limit_status":99,"rate_limit_reset_ms":1637059227386,"rate_limit":100}
SAND/USDT is_breakthrough bybit {"ret_code":130125,"ret_msg":"orderQty will be truncated to zero.","ext_code":"","ext_info":"","result":null,"time_now":"1637059232.228961","rate_limit_status":99,"rate_limit_reset_ms":1637059232223,"rate_limit":100}
IOTX/USDT is_volume bybit {"ret_code":20001,"ret_msg":"order not exists or too late to replace","ext_code":"","ext_info":"","result":null,"time_now":"1637059236.020470","rate_limit_status":98,"rate_limit_reset_ms":1637059236018,"rate_limit":100}
SAND/USDT is_volume bybit {"ret_code":130125,"ret_msg":"orderQty will be truncated to zero.","ext_code":"","ext_info":"","result":null,"time_now":"1637059237.951510","rate_limit_status":98,"rate_limit_reset_ms":1637059237949,"rate_limit":100}
IOTX/USDT is_breakthrough bybit {"ret_code":20001,"ret_msg":"order not exists or too late to replace","ext_code":"","ext_info":"","result":null,"time_now":"1637059249.258387","rate_limit_status":97,"rate_limit_reset_ms":1637059249255,"rate_limit":100}
SAND/USDT is_breakthrough bybit {"ret_code":130125,"ret_msg":"orderQty will be truncated to zero.","ext_code":"","ext_info":"","result":null,"time_now":"1637059254.033648","rate_limit_status":97,"rate_limit_reset_ms":1637059254030,"rate_limit":100}
IOTX/USDT is_volume bybit {"ret_code":20001,"ret_msg":"order not exists or too late to replace","ext_code":"","ext_info":"","result":null,"time_now":"1637059257.660660","rate_limit_status":96,"rate_limit_reset_ms":1637059257658,"rate_limit":100}
SAND/USDT is_volume bybit {"ret_code":130125,"ret_msg":"orderQty will be truncated to zero.","ext_code":"","ext_info":"","result":null,"time_now":"1637059259.665568","rate_limit_status":96,"rate_limit_reset_ms":1637059259658,"rate_limit":100}
IOTX/USDT is_breakthrough bybit {"ret_code":20001,"ret_msg":"order not exists or too late to replace","ext_code":"","ext_info":"","result":null,"time_now":"1637059271.276012","rate_limit_status":95,"rate_limit_reset_ms":1637059271272,"rate_limit":100}
SAND/USDT is_breakthrough bybit {"ret_code":130125,"ret_msg":"orderQty will be truncated to zero.","ext_code":"","ext_info":"","result":null,"time_now":"1637059276.061896","rate_limit_status":95,"rate_limit_reset_ms":1637059276058,"rate_limit":100}
IOTX/USDT is_volume bybit {"ret_code":20001,"ret_msg":"order not exists or too late to replace","ext_code":"","ext_info":"","result":null,"time_now":"1637059279.686969","rate_limit_status":94,"rate_limit_reset_ms":1637059279684,"rate_limit":100}
SAND/USDT is_volume bybit {"ret_code":130125,"ret_msg":"orderQty will be truncated to zero.","ext_code":"","ext_info":"","result":null,"time_now":"1637059281.993997","rate_limit_status":94,"rate_limit_reset_ms":1637059281990,"rate_limit":100}
IOTX/USDT is_breakthrough bybit {"ret_code":20001,"ret_msg":"order not exists or too late to replace","ext_code":"","ext_info":"","result":null,"time_now":"1637059294.548269","rate_limit_status":99,"rate_limit_reset_ms":1637059294484,"rate_limit":100}
SAND/USDT is_breakthrough bybit {"ret_code":130125,"ret_msg":"orderQty will be truncated to zero.","ext_code":"","ext_info":"","result":null,"time_now":"1637059299.540236","rate_limit_status":99,"rate_limit_reset_ms":1637059299536,"rate_limit":100}
IOTX/USDT is_volume bybit {"ret_code":20001,"ret_msg":"order not exists or too late to replace","ext_code":"","ext_info":"","result":null,"time_now":"1637059303.226770","rate_limit_status":98,"rate_limit_reset_ms":1637059303224,"rate_limit":100}
SAND/USDT is_volume bybit {"ret_code":130125,"ret_msg":"orderQty will be truncated to zero.","ext_code":"","ext_info":"","result":null,"time_now":"1637059305.321511","rate_limit_status":98,"rate_limit_reset_ms":1637059305319,"rate_limit":100}
SAND/USDT is_breakthrough bybit {"ret_code":130125,"ret_msg":"orderQty will be truncated to zero.","ext_code":"","ext_info":"","result":null,"time_now":"1637059322.131600","rate_limit_status":97,"rate_limit_reset_ms":1637059322129,"rate_limit":100}
IOTX/USDT is_volume bybit {"ret_code":130125,"ret_msg":"orderQty will be truncated to zero.","ext_code":"","ext_info":"","result":null,"time_now":"1637059325.740411","rate_limit_status":96,"rate_limit_reset_ms":1637059325736,"rate_limit":100}
SAND/USDT is_volume bybit {"ret_code":130125,"ret_msg":"orderQty will be truncated to zero.","ext_code":"","ext_info":"","result":null,"time_now":"1637059327.702196","rate_limit_status":96,"rate_limit_reset_ms":1637059327695,"rate_limit":100}
IOTX/USDT is_breakthrough bybit {"ret_code":130125,"ret_msg":"orderQty will be truncated to zero.","ext_code":"","ext_info":"","result":null,"time_now":"1637059339.173979","rate_limit_status":95,"rate_limit_reset_ms":1637059339170,"rate_limit":100}
SAND/USDT is_breakthrough bybit {"ret_code":130125,"ret_msg":"orderQty will be truncated to zero.","ext_code":"","ext_info":"","result":null,"time_now":"1637059344.435621","rate_limit_status":95,"rate_limit_reset_ms":1637059344431,"rate_limit":100}
IOTX/USDT is_volume bybit {"ret_code":130125,"ret_msg":"orderQty will be truncated to zero.","ext_code":"","ext_info":"","result":null,"time_now":"1637059350.106110","rate_limit_status":94,"rate_limit_reset_ms":1637059350102,"rate_limit":100}
SAND/USDT is_volume bybit {"ret_code":130125,"ret_msg":"orderQty will be truncated to zero.","ext_code":"","ext_info":"","result":null,"time_now":"1637059352.041649","rate_limit_status":94,"rate_limit_reset_ms":1637059352037,"rate_limit":100}
IOTX/USDT is_breakthrough bybit {"ret_code":130125,"ret_msg":"orderQty will be truncated to zero.","ext_code":"","ext_info":"","result":null,"time_now":"1637059363.911485","rate_limit_status":99,"rate_limit_reset_ms":1637059363908,"rate_limit":100}
SAND/USDT is_breakthrough bybit {"ret_code":130125,"ret_msg":"orderQty will be truncated to zero.","ext_code":"","ext_info":"","result":null,"time_now":"1637059368.705112","rate_limit_status":99,"rate_limit_reset_ms":1637059368694,"rate_limit":100}
IOTX/USDT is_volume bybit {"ret_code":130125,"ret_msg":"orderQty will be truncated to zero.","ext_code":"","ext_info":"","result":null,"time_now":"1637059372.612788","rate_limit_status":98,"rate_limit_reset_ms":1637059372610,"rate_limit":100}
SAND/USDT is_volume bybit {"ret_code":130125,"ret_msg":"orderQty will be truncated to zero.","ext_code":"","ext_info":"","result":null,"time_now":"1637059374.544683","rate_limit_status":98,"rate_limit_reset_ms":1637059374538,"rate_limit":100}
IOTX/USDT is_breakthrough bybit {"ret_code":130125,"ret_msg":"orderQty will be truncated to zero.","ext_code":"","ext_info":"","result":null,"time_now":"1637059385.987725","rate_limit_status":97,"rate_limit_reset_ms":1637059385985,"rate_limit":100}
SAND/USDT is_breakthrough bybit {"ret_code":130125,"ret_msg":"orderQty will be truncated to zero.","ext_code":"","ext_info":"","result":null,"time_now":"1637059391.427771","rate_limit_status":97,"rate_limit_reset_ms":1637059391420,"rate_limit":100}
IOTX/USDT is_volume bybit {"ret_code":130125,"ret_msg":"orderQty will be truncated to zero.","ext_code":"","ext_info":"","result":null,"time_now":"1637059396.318263","rate_limit_status":96,"rate_limit_reset_ms":1637059396312,"rate_limit":100}
SAND/USDT is_volume bybit {"ret_code":130125,"ret_msg":"orderQty will be truncated to zero.","ext_code":"","ext_info":"","result":null,"time_now":"1637059398.298294","rate_limit_status":96,"rate_limit_reset_ms":1637059398239,"rate_limit":100}
IOTX/USDT is_breakthrough bybit {"ret_code":130125,"ret_msg":"orderQty will be truncated to zero.","ext_code":"","ext_info":"","result":null,"time_now":"1637059409.595544","rate_limit_status":95,"rate_limit_reset_ms":1637059409593,"rate_limit":100}
SAND/USDT is_breakthrough bybit {"ret_code":130125,"ret_msg":"orderQty will be truncated to zero.","ext_code":"","ext_info":"","result":null,"time_now":"1637059414.514017","rate_limit_status":95,"rate_limit_reset_ms":1637059414507,"rate_limit":100}
IOTX/USDT is_volume bybit {"ret_code":130125,"ret_msg":"orderQty will be truncated to zero.","ext_code":"","ext_info":"","result":null,"time_now":"1637059418.150385","rate_limit_status":94,"rate_limit_reset_ms":1637059418147,"rate_limit":100}
SAND/USDT is_volume bybit {"ret_code":130125,"ret_msg":"orderQty will be truncated to zero.","ext_code":"","ext_info":"","result":null,"time_now":"1637059420.526238","rate_limit_status":94,"rate_limit_reset_ms":1637059420515,"rate_limit":100}
IOTX/USDT is_breakthrough bybit {"ret_code":130125,"ret_msg":"orderQty will be truncated to zero.","ext_code":"","ext_info":"","result":null,"time_now":"1637059431.956718","rate_limit_status":99,"rate_limit_reset_ms":1637059431954,"rate_limit":100}
SAND/USDT is_breakthrough bybit {"ret_code":130125,"ret_msg":"orderQty will be truncated to zero.","ext_code":"","ext_info":"","result":null,"time_now":"1637059436.774974","rate_limit_status":99,"rate_limit_reset_ms":1637059436770,"rate_limit":100}
IOTX/USDT is_volume bybit {"ret_code":130125,"ret_msg":"orderQty will be truncated to zero.","ext_code":"","ext_info":"","result":null,"time_now":"1637059440.484952","rate_limit_status":98,"rate_limit_reset_ms":1637059440482,"rate_limit":100}
SAND/USDT is_volume bybit {"ret_code":130125,"ret_msg":"orderQty will be truncated to zero.","ext_code":"","ext_info":"","result":null,"time_now":"1637059442.426577","rate_limit_status":98,"rate_limit_reset_ms":1637059442422,"rate_limit":100}
IOTX/USDT is_breakthrough bybit {"ret_code":130125,"ret_msg":"orderQty will be truncated to zero.","ext_code":"","ext_info":"","result":null,"time_now":"1637059453.832122","rate_limit_status":97,"rate_limit_reset_ms":1637059453829,"rate_limit":100}
SAND/USDT is_breakthrough bybit {"ret_code":130125,"ret_msg":"orderQty will be truncated to zero.","ext_code":"","ext_info":"","result":null,"time_now":"1637059458.595451","rate_limit_status":97,"rate_limit_reset_ms":1637059458593,"rate_limit":100}
IOTX/USDT is_volume bybit {"ret_code":130125,"ret_msg":"orderQty will be truncated to zero.","ext_code":"","ext_info":"","result":null,"time_now":"1637059462.319176","rate_limit_status":96,"rate_limit_reset_ms":1637059462315,"rate_limit":100}
SAND/USDT is_volume bybit {"ret_code":130125,"ret_msg":"orderQty will be truncated to zero.","ext_code":"","ext_info":"","result":null,"time_now":"1637059464.212802","rate_limit_status":96,"rate_limit_reset_ms":1637059464207,"rate_limit":100}
IOTX/USDT is_breakthrough bybit {"ret_code":130125,"ret_msg":"orderQty will be truncated to zero.","ext_code":"","ext_info":"","result":null,"time_now":"1637059475.524808","rate_limit_status":95,"rate_limit_reset_ms":1637059475521,"rate_limit":100}
SAND/USDT is_breakthrough bybit {"ret_code":130125,"ret_msg":"orderQty will be truncated to zero.","ext_code":"","ext_info":"","result":null,"time_now":"1637059480.241313","rate_limit_status":95,"rate_limit_reset_ms":1637059480237,"rate_limit":100}
IOTX/USDT is_volume bybit {"ret_code":130125,"ret_msg":"orderQty will be truncated to zero.","ext_code":"","ext_info":"","result":null,"time_now":"1637059483.818587","rate_limit_status":94,"rate_limit_reset_ms":1637059483816,"rate_limit":100}
SAND/USDT is_volume bybit {"ret_code":130125,"ret_msg":"orderQty will be truncated to zero.","ext_code":"","ext_info":"","result":null,"time_now":"1637059485.710844","rate_limit_status":94,"rate_limit_reset_ms":1637059485708,"rate_limit":100}
IOTX/USDT is_breakthrough bybit {"ret_code":130125,"ret_msg":"orderQty will be truncated to zero.","ext_code":"","ext_info":"","result":null,"time_now":"1637059496.982223","rate_limit_status":99,"rate_limit_reset_ms":1637059496979,"rate_limit":100}
SAND/USDT is_breakthrough bybit {"ret_code":130125,"ret_msg":"orderQty will be truncated to zero.","ext_code":"","ext_info":"","result":null,"time_now":"1637059501.754586","rate_limit_status":99,"rate_limit_reset_ms":1637059501750,"rate_limit":100}
IOTX/USDT is_volume bybit {"ret_code":130125,"ret_msg":"orderQty will be truncated to zero.","ext_code":"","ext_info":"","result":null,"time_now":"1637059505.346109","rate_limit_status":98,"rate_limit_reset_ms":1637059505343,"rate_limit":100}
SAND/USDT is_volume bybit {"ret_code":130125,"ret_msg":"orderQty will be truncated to zero.","ext_code":"","ext_info":"","result":null,"time_now":"1637059507.255774","rate_limit_status":98,"rate_limit_reset_ms":1637059507246,"rate_limit":100}
IOTX/USDT is_breakthrough bybit {"ret_code":130125,"ret_msg":"orderQty will be truncated to zero.","ext_code":"","ext_info":"","result":null,"time_now":"1637059518.519644","rate_limit_status":97,"rate_limit_reset_ms":1637059518517,"rate_limit":100}
SAND/USDT is_breakthrough bybit {"ret_code":130125,"ret_msg":"orderQty will be truncated to zero.","ext_code":"","ext_info":"","result":null,"time_now":"1637059523.350945","rate_limit_status":97,"rate_limit_reset_ms":1637059523344,"rate_limit":100}
IOTX/USDT is_volume bybit {"ret_code":130125,"ret_msg":"orderQty will be truncated to zero.","ext_code":"","ext_info":"","result":null,"time_now":"1637059527.127827","rate_limit_status":96,"rate_limit_reset_ms":1637059527122,"rate_limit":100}
SAND/USDT is_volume bybit {"ret_code":130125,"ret_msg":"orderQty will be truncated to zero.","ext_code":"","ext_info":"","result":null,"time_now":"1637059529.026861","rate_limit_status":96,"rate_limit_reset_ms":1637059529024,"rate_limit":100}
IOTX/USDT is_breakthrough bybit {"ret_code":130125,"ret_msg":"orderQty will be truncated to zero.","ext_code":"","ext_info":"","result":null,"time_now":"1637059540.300486","rate_limit_status":95,"rate_limit_reset_ms":1637059540296,"rate_limit":100}
SAND/USDT is_breakthrough bybit {"ret_code":130125,"ret_msg":"orderQty will be truncated to zero.","ext_code":"","ext_info":"","result":null,"time_now":"1637059545.025114","rate_limit_status":95,"rate_limit_reset_ms":1637059545022,"rate_limit":100}
IOTX/USDT is_volume bybit {"ret_code":130125,"ret_msg":"orderQty will be truncated to zero.","ext_code":"","ext_info":"","result":null,"time_now":"1637059548.589702","rate_limit_status":94,"rate_limit_reset_ms":1637059548585,"rate_limit":100}
SAND/USDT is_volume bybit {"ret_code":130125,"ret_msg":"orderQty will be truncated to zero.","ext_code":"","ext_info":"","result":null,"time_now":"1637059550.471656","rate_limit_status":94,"rate_limit_reset_ms":1637059550466,"rate_limit":100}
IOTX/USDT is_breakthrough bybit {"ret_code":130125,"ret_msg":"orderQty will be truncated to zero.","ext_code":"","ext_info":"","result":null,"time_now":"1637059561.717231","rate_limit_status":99,"rate_limit_reset_ms":1637059561714,"rate_limit":100}
SAND/USDT is_breakthrough bybit {"ret_code":130125,"ret_msg":"orderQty will be truncated to zero.","ext_code":"","ext_info":"","result":null,"time_now":"1637059566.460942","rate_limit_status":99,"rate_limit_reset_ms":1637059566455,"rate_limit":100}
IOTX/USDT is_volume bybit {"ret_code":130125,"ret_msg":"orderQty will be truncated to zero.","ext_code":"","ext_info":"","result":null,"time_now":"1637059570.071812","rate_limit_status":98,"rate_limit_reset_ms":1637059570068,"rate_limit":100}
SAND/USDT is_volume bybit {"ret_code":130125,"ret_msg":"orderQty will be truncated to zero.","ext_code":"","ext_info":"","result":null,"time_now":"1637059572.372597","rate_limit_status":98,"rate_limit_reset_ms":1637059572368,"rate_limit":100}
IOTX/USDT is_breakthrough bybit {"ret_code":130125,"ret_msg":"orderQty will be truncated to zero.","ext_code":"","ext_info":"","result":null,"time_now":"1637059583.649379","rate_limit_status":97,"rate_limit_reset_ms":1637059583647,"rate_limit":100}
SAND/USDT is_breakthrough bybit {"ret_code":130125,"ret_msg":"orderQty will be truncated to zero.","ext_code":"","ext_info":"","result":null,"time_now":"1637059588.371858","rate_limit_status":97,"rate_limit_reset_ms":1637059588369,"rate_limit":100}
IOTX/USDT is_volume bybit {"ret_code":130125,"ret_msg":"orderQty will be truncated to zero.","ext_code":"","ext_info":"","result":null,"time_now":"1637059592.103657","rate_limit_status":96,"rate_limit_reset_ms":1637059592100,"rate_limit":100}
SAND/USDT is_volume bybit {"ret_code":130125,"ret_msg":"orderQty will be truncated to zero.","ext_code":"","ext_info":"","result":null,"time_now":"1637059594.046067","rate_limit_status":96,"rate_limit_reset_ms":1637059594042,"rate_limit":100}
IOTX/USDT is_breakthrough bybit {"ret_code":130125,"ret_msg":"orderQty will be truncated to zero.","ext_code":"","ext_info":"","result":null,"time_now":"1637059605.415088","rate_limit_status":95,"rate_limit_reset_ms":1637059605411,"rate_limit":100}
SAND/USDT is_breakthrough bybit {"ret_code":130125,"ret_msg":"orderQty will be truncated to zero.","ext_code":"","ext_info":"","result":null,"time_now":"1637059610.173055","rate_limit_status":95,"rate_limit_reset_ms":1637059610170,"rate_limit":100}
IOTX/USDT is_volume bybit {"ret_code":130125,"ret_msg":"orderQty will be truncated to zero.","ext_code":"","ext_info":"","result":null,"time_now":"1637059613.748104","rate_limit_status":94,"rate_limit_reset_ms":1637059613745,"rate_limit":100}
SAND/USDT is_volume bybit {"ret_code":130125,"ret_msg":"orderQty will be truncated to zero.","ext_code":"","ext_info":"","result":null,"time_now":"1637059615.640246","rate_limit_status":94,"rate_limit_reset_ms":1637059615636,"rate_limit":100}
IOTX/USDT is_breakthrough bybit {"ret_code":130125,"ret_msg":"orderQty will be truncated to zero.","ext_code":"","ext_info":"","result":null,"time_now":"1637059626.870136","rate_limit_status":99,"rate_limit_reset_ms":1637059626867,"rate_limit":100}
SAND/USDT is_breakthrough bybit {"ret_code":130125,"ret_msg":"orderQty will be truncated to zero.","ext_code":"","ext_info":"","result":null,"time_now":"1637059631.610145","rate_limit_status":99,"rate_limit_reset_ms":1637059631605,"rate_limit":100}
IOTX/USDT is_volume bybit {"ret_code":130125,"ret_msg":"orderQty will be truncated to zero.","ext_code":"","ext_info":"","result":null,"time_now":"1637059635.374262","rate_limit_status":98,"rate_limit_reset_ms":1637059635370,"rate_limit":100}
SAND/USDT is_volume bybit {"ret_code":130125,"ret_msg":"orderQty will be truncated to zero.","ext_code":"","ext_info":"","result":null,"time_now":"1637059637.407011","rate_limit_status":98,"rate_limit_reset_ms":1637059637403,"rate_limit":100}
IOTX/USDT is_breakthrough bybit {"ret_code":130125,"ret_msg":"orderQty will be truncated to zero.","ext_code":"","ext_info":"","result":null,"time_now":"1637059648.609573","rate_limit_status":97,"rate_limit_reset_ms":1637059648605,"rate_limit":100}
SAND/USDT is_breakthrough bybit {"ret_code":130125,"ret_msg":"orderQty will be truncated to zero.","ext_code":"","ext_info":"","result":null,"time_now":"1637059653.302343","rate_limit_status":97,"rate_limit_reset_ms":1637059653300,"rate_limit":100}
IOTX/USDT is_volume bybit {"ret_code":130125,"ret_msg":"orderQty will be truncated to zero.","ext_code":"","ext_info":"","result":null,"time_now":"1637059656.876471","rate_limit_status":96,"rate_limit_reset_ms":1637059656874,"rate_limit":100}
SAND/USDT is_volume bybit {"ret_code":130125,"ret_msg":"orderQty will be truncated to zero.","ext_code":"","ext_info":"","result":null,"time_now":"1637059658.917652","rate_limit_status":96,"rate_limit_reset_ms":1637059658914,"rate_limit":100}
IOTX/USDT is_breakthrough bybit {"ret_code":130125,"ret_msg":"orderQty will be truncated to zero.","ext_code":"","ext_info":"","result":null,"time_now":"1637059670.258872","rate_limit_status":95,"rate_limit_reset_ms":1637059670256,"rate_limit":100}
SAND/USDT is_breakthrough bybit {"ret_code":130125,"ret_msg":"orderQty will be truncated to zero.","ext_code":"","ext_info":"","result":null,"time_now":"1637059675.011057","rate_limit_status":95,"rate_limit_reset_ms":1637059675008,"rate_limit":100}
IOTX/USDT is_volume bybit {"ret_code":130125,"ret_msg":"orderQty will be truncated to zero.","ext_code":"","ext_info":"","result":null,"time_now":"1637059678.575197","rate_limit_status":94,"rate_limit_reset_ms":1637059678571,"rate_limit":100}
SAND/USDT is_volume bybit {"ret_code":130125,"ret_msg":"orderQty will be truncated to zero.","ext_code":"","ext_info":"","result":null,"time_now":"1637059680.603202","rate_limit_status":94,"rate_limit_reset_ms":1637059680600,"rate_limit":100}
IOTX/USDT is_breakthrough bybit {"ret_code":130125,"ret_msg":"orderQty will be truncated to zero.","ext_code":"","ext_info":"","result":null,"time_now":"1637059692.179641","rate_limit_status":99,"rate_limit_reset_ms":1637059692175,"rate_limit":100}
SAND/USDT is_breakthrough bybit {"ret_code":130125,"ret_msg":"orderQty will be truncated to zero.","ext_code":"","ext_info":"","result":null,"time_now":"1637059696.942214","rate_limit_status":99,"rate_limit_reset_ms":1637059696939,"rate_limit":100}
IOTX/USDT is_volume bybit {"ret_code":130125,"ret_msg":"orderQty will be truncated to zero.","ext_code":"","ext_info":"","result":null,"time_now":"1637059701.706105","rate_limit_status":98,"rate_limit_reset_ms":1637059701703,"rate_limit":100}
SAND/USDT is_volume bybit {"ret_code":130125,"ret_msg":"orderQty will be truncated to zero.","ext_code":"","ext_info":"","result":null,"time_now":"1637059703.639983","rate_limit_status":98,"rate_limit_reset_ms":1637059703636,"rate_limit":100}
IOTX/USDT is_breakthrough bybit {"ret_code":130125,"ret_msg":"orderQty will be truncated to zero.","ext_code":"","ext_info":"","result":null,"time_now":"1637059715.006498","rate_limit_status":97,"rate_limit_reset_ms":1637059715002,"rate_limit":100}
SAND/USDT is_breakthrough bybit {"ret_code":130125,"ret_msg":"orderQty will be truncated to zero.","ext_code":"","ext_info":"","result":null,"time_now":"1637059719.753654","rate_limit_status":97,"rate_limit_reset_ms":1637059719749,"rate_limit":100}
IOTX/USDT is_volume bybit {"ret_code":130125,"ret_msg":"orderQty will be truncated to zero.","ext_code":"","ext_info":"","result":null,"time_now":"1637059723.401262","rate_limit_status":96,"rate_limit_reset_ms":1637059723398,"rate_limit":100}
SAND/USDT is_volume bybit {"ret_code":130125,"ret_msg":"orderQty will be truncated to zero.","ext_code":"","ext_info":"","result":null,"time_now":"1637059725.320462","rate_limit_status":96,"rate_limit_reset_ms":1637059725318,"rate_limit":100}
IOTX/USDT is_breakthrough bybit {"ret_code":130125,"ret_msg":"orderQty will be truncated to zero.","ext_code":"","ext_info":"","result":null,"time_now":"1637059736.604109","rate_limit_status":95,"rate_limit_reset_ms":1637059736600,"rate_limit":100}
SAND/USDT is_breakthrough bybit {"ret_code":130125,"ret_msg":"orderQty will be truncated to zero.","ext_code":"","ext_info":"","result":null,"time_now":"1637059741.328949","rate_limit_status":95,"rate_limit_reset_ms":1637059741326,"rate_limit":100}
IOTX/USDT is_volume bybit {"ret_code":130125,"ret_msg":"orderQty will be truncated to zero.","ext_code":"","ext_info":"","result":null,"time_now":"1637059744.910557","rate_limit_status":94,"rate_limit_reset_ms":1637059744908,"rate_limit":100}
SAND/USDT is_volume bybit {"ret_code":130125,"ret_msg":"orderQty will be truncated to zero.","ext_code":"","ext_info":"","result":null,"time_now":"1637059746.818718","rate_limit_status":94,"rate_limit_reset_ms":1637059746812,"rate_limit":100}
IOTX/USDT is_breakthrough bybit {"ret_code":130125,"ret_msg":"orderQty will be truncated to zero.","ext_code":"","ext_info":"","result":null,"time_now":"1637059758.107123","rate_limit_status":99,"rate_limit_reset_ms":1637059758102,"rate_limit":100}
IOTX/USDT is_volume bybit {"ret_code":130125,"ret_msg":"orderQty will be truncated to zero.","ext_code":"","ext_info":"","result":null,"time_now":"1637059767.010756","rate_limit_status":98,"rate_limit_reset_ms":1637059767004,"rate_limit":100}
IOTX/USDT is_breakthrough bybit {"ret_code":130125,"ret_msg":"orderQty will be truncated to zero.","ext_code":"","ext_info":"","result":null,"time_now":"1637059780.833573","rate_limit_status":97,"rate_limit_reset_ms":1637059780829,"rate_limit":100}
IOTX/USDT is_volume bybit {"ret_code":130125,"ret_msg":"orderQty will be truncated to zero.","ext_code":"","ext_info":"","result":null,"time_now":"1637059789.663429","rate_limit_status":96,"rate_limit_reset_ms":1637059789660,"rate_limit":100}
IOTX/USDT is_breakthrough bybit {"ret_code":130125,"ret_msg":"orderQty will be truncated to zero.","ext_code":"","ext_info":"","result":null,"time_now":"1637059803.280372","rate_limit_status":95,"rate_limit_reset_ms":1637059803276,"rate_limit":100}
IOTX/USDT is_volume bybit {"ret_code":130125,"ret_msg":"orderQty will be truncated to zero.","ext_code":"","ext_info":"","result":null,"time_now":"1637059812.092619","rate_limit_status":94,"rate_limit_reset_ms":1637059812088,"rate_limit":100}
IOTX/USDT is_breakthrough bybit {"ret_code":130125,"ret_msg":"orderQty will be truncated to zero.","ext_code":"","ext_info":"","result":null,"time_now":"1637059825.796459","rate_limit_status":99,"rate_limit_reset_ms":1637059825792,"rate_limit":100}
IOTX/USDT is_volume bybit {"ret_code":130125,"ret_msg":"orderQty will be truncated to zero.","ext_code":"","ext_info":"","result":null,"time_now":"1637059835.410568","rate_limit_status":98,"rate_limit_reset_ms":1637059835404,"rate_limit":100}
IOTX/USDT is_breakthrough bybit {"ret_code":130125,"ret_msg":"orderQty will be truncated to zero.","ext_code":"","ext_info":"","result":null,"time_now":"1637059849.125535","rate_limit_status":97,"rate_limit_reset_ms":1637059849122,"rate_limit":100}
IOTX/USDT is_volume bybit {"ret_code":130125,"ret_msg":"orderQty will be truncated to zero.","ext_code":"","ext_info":"","result":null,"time_now":"1637059857.974260","rate_limit_status":96,"rate_limit_reset_ms":1637059857970,"rate_limit":100}
IOTX/USDT is_breakthrough bybit {"ret_code":130125,"ret_msg":"orderQty will be truncated to zero.","ext_code":"","ext_info":"","result":null,"time_now":"1637059871.566220","rate_limit_status":95,"rate_limit_reset_ms":1637059871562,"rate_limit":100}
IOTX/USDT is_volume bybit {"ret_code":130125,"ret_msg":"orderQty will be truncated to zero.","ext_code":"","ext_info":"","result":null,"time_now":"1637059880.776664","rate_limit_status":94,"rate_limit_reset_ms":1637059880774,"rate_limit":100}
IOTX/USDT is_breakthrough bybit {"ret_code":130125,"ret_msg":"orderQty will be truncated to zero.","ext_code":"","ext_info":"","result":null,"time_now":"1637059894.494931","rate_limit_status":99,"rate_limit_reset_ms":1637059894492,"rate_limit":100}
IOTX/USDT is_volume bybit {"ret_code":130125,"ret_msg":"orderQty will be truncated to zero.","ext_code":"","ext_info":"","result":null,"time_now":"1637059903.267908","rate_limit_status":98,"rate_limit_reset_ms":1637059903263,"rate_limit":100}
IOTX/USDT is_breakthrough bybit {"ret_code":130125,"ret_msg":"orderQty will be truncated to zero.","ext_code":"","ext_info":"","result":null,"time_now":"1637059917.002792","rate_limit_status":97,"rate_limit_reset_ms":1637059916998,"rate_limit":100}
IOTX/USDT is_volume bybit {"ret_code":130125,"ret_msg":"orderQty will be truncated to zero.","ext_code":"","ext_info":"","result":null,"time_now":"1637059925.856949","rate_limit_status":96,"rate_limit_reset_ms":1637059925853,"rate_limit":100}
IOTX/USDT is_breakthrough bybit {"ret_code":130125,"ret_msg":"orderQty will be truncated to zero.","ext_code":"","ext_info":"","result":null,"time_now":"1637059939.533095","rate_limit_status":95,"rate_limit_reset_ms":1637059939529,"rate_limit":100}
IOTX/USDT is_volume bybit {"ret_code":130125,"ret_msg":"orderQty will be truncated to zero.","ext_code":"","ext_info":"","result":null,"time_now":"1637059948.753163","rate_limit_status":94,"rate_limit_reset_ms":1637059948751,"rate_limit":100}
SAND/USDT is_volume bybit GET https://api.bybit.com/private/linear/position/list?api_key=thcItMKHlhAp1j5bM7&recv_window=5000&timestamp=1637062047089&sign=56e3f73be365238c28cbbdd344eaee4f33cf4f1479741bef277701779b5b6649 502 Bad Gateway <html>
<head><title>502 Bad Gateway</title></head>
<body>
<center><h1>502 Bad Gateway</h1></center>
</body>
</html>
2021-11-16 21:37 Breakthrough strategy short sign on MANA/USDT
MANA/USDT sell 2.9755 7.864921653503613 3.154
2021-11-16 21:37 Breakthrough strategy short sign on MANA/USDT
But already have position.
2021-11-16 21:39 Breakthrough strategy short sign on MANA/USDT
But already have position.
2021-11-16 22:51 Breakthrough strategy short sign on IOTX/USDT
IOTX/USDT sell 0.19195 119.71396452201093 0.203
New stop_loss_price :  3.22
MANA/USDT sell 3.0995 7.8 3.22
2021-11-16 22:53 Volume strategy long sign on SAND/USDT
SAND/USDT buy 2.7921 8.194000127144443 2.6246
2021-11-16 22:53 Volume strategy long sign on SAND/USDT
But already have position.
2021-11-16 22:54 Volume strategy long sign on SAND/USDT
But already have position.
2021-11-16 22:54 Volume strategy long sign on SAND/USDT
But already have position.
2021-11-16 22:54 Volume strategy long sign on SAND/USDT
But already have position.
2021-11-16 22:57 Breakthrough strategy short sign on IOTX/USDT
But already have position.
2021-11-16 22:58 Breakthrough strategy short sign on IOTX/USDT
But already have position.
New stop_loss_price :  3.2875
MANA/USDT sell 3.165 15.6 3.2875
2021-11-16 22:59 Volume strategy long sign on MANA/USDT
MANA/USDT buy 3.174 7.0900661641461875 2.9835
2021-11-16 23:02 Volume strategy long sign on MANA/USDT
But already have position.
2021-11-16 23:03 Volume strategy long sign on MANA/USDT
But already have position.
2021-11-16 23:03 Volume strategy long sign on MANA/USDT
But already have position.
2021-11-16 23:04 Volume strategy long sign on MANA/USDT
But already have position.
2021-11-16 23:04 Volume strategy long sign on MANA/USDT
But already have position.
2021-11-16 23:04 Volume strategy long sign on MANA/USDT
But already have position.
New stop_loss_price :  0.207
IOTX/USDT sell 0.19995 119.0 0.207
New stop_loss_price :  0.212
IOTX/USDT sell 0.20445 238.0 0.212
order cancelled
New stop_loss_price :  0.211
IOTX/USDT sell 0.20285 238.0 0.211
2021-11-16 23:14 Volume strategy long sign on IOTX/USDT
IOTX/USDT buy 0.2075 97.57933154216867 0.195
2021-11-16 23:14 Volume strategy long sign on IOTX/USDT
But already have position.
2021-11-16 23:19 Volume strategy long sign on IOTX/USDT
IOTX/USDT buy 0.21655 88.9258349572847 0.203
2021-11-16 23:34 Volume strategy short sign on IOTX/USDT
IOTX/USDT sell 0.2203 84.98560251929187 0.233
2021-11-16 23:35 Volume strategy short sign on IOTX/USDT
But already have position.
2021-11-16 23:45 Breakthrough strategy short sign on MANA/USDT
MANA/USDT sell 3.2485 5.75791946436817 3.4435
2021-11-16 23:49 Breakthrough strategy short sign on MANA/USDT
But already have position.
2021-11-16 23:49 Breakthrough strategy short sign on SAND/USDT
SAND/USDT sell 3.0623 6.108928235313327 3.246
2021-11-16 23:50 Breakthrough strategy short sign on MANA/USDT
But already have position.
2021-11-16 23:50 Breakthrough strategy short sign on MANA/USDT
But already have position.
2021-11-16 23:51 Breakthrough strategy short sign on MANA/USDT
But already have position.
2021-11-16 23:51 Breakthrough strategy short sign on MANA/USDT
But already have position.
2021-11-16 23:52 Breakthrough strategy short sign on MANA/USDT
But already have position.
2021-11-16 23:52 Breakthrough strategy short sign on IOTX/USDT
But already have position.
2021-11-16 23:52 Breakthrough strategy short sign on MANA/USDT
But already have position.
2021-11-16 23:53 Breakthrough strategy short sign on MANA/USDT
But already have position.
2021-11-16 23:53 Breakthrough strategy short sign on MANA/USDT
But already have position.
2021-11-16 23:53 Breakthrough strategy short sign on IOTX/USDT
But already have position.
2021-11-16 23:54 Breakthrough strategy short sign on MANA/USDT
But already have position.
2021-11-16 23:54 Breakthrough strategy short sign on IOTX/USDT
IOTX/USDT sell 0.21235 88.78427836119613 0.225
2021-11-16 23:54 Breakthrough strategy short sign on MANA/USDT
But already have position.
2021-11-16 23:54 Breakthrough strategy short sign on IOTX/USDT
But already have position.
2021-11-17 00:01 Breakthrough strategy short sign on SAND/USDT
But already have position.
2021-11-17 00:01 Breakthrough strategy short sign on SAND/USDT
But already have position.
2021-11-17 00:02 Breakthrough strategy short sign on SAND/USDT
But already have position.
2021-11-17 00:03 Breakthrough strategy short sign on SAND/USDT
But already have position.
2021-11-17 00:03 Breakthrough strategy short sign on SAND/USDT
But already have position.
2021-11-17 00:04 Breakthrough strategy short sign on SAND/USDT
But already have position.
New stop_loss_price :  0.229
IOTX/USDT sell 0.2209 88.0 0.229
2021-11-17 00:10 Breakthrough strategy short sign on MANA/USDT
But already have position.
2021-11-17 00:11 Breakthrough strategy short sign on MANA/USDT
But already have position.
2021-11-17 00:11 Breakthrough strategy short sign on MANA/USDT
But already have position.
2021-11-17 00:12 Breakthrough strategy short sign on MANA/USDT
But already have position.
2021-11-17 00:12 Breakthrough strategy short sign on MANA/USDT
But already have position.
2021-11-17 00:13 Breakthrough strategy short sign on MANA/USDT
But already have position.
2021-11-17 00:13 Breakthrough strategy short sign on MANA/USDT
But already have position.
2021-11-17 00:13 Breakthrough strategy short sign on SAND/USDT
But already have position.
2021-11-17 00:13 Breakthrough strategy short sign on MANA/USDT
But already have position.
2021-11-17 00:14 Breakthrough strategy short sign on IOTX/USDT
But already have position.
2021-11-17 00:14 Breakthrough strategy short sign on SAND/USDT
But already have position.
2021-11-17 00:14 Breakthrough strategy short sign on MANA/USDT
But already have position.
2021-11-17 00:14 Breakthrough strategy short sign on SAND/USDT
But already have position.
2021-11-17 00:14 Breakthrough strategy short sign on MANA/USDT
But already have position.
2021-11-17 00:14 Breakthrough strategy short sign on SAND/USDT
But already have position.
2021-11-17 00:16 Breakthrough strategy short sign on IOTX/USDT
But already have position.
2021-11-17 00:17 Breakthrough strategy short sign on IOTX/USDT
But already have position.
2021-11-17 00:17 Breakthrough strategy short sign on IOTX/USDT
But already have position.
2021-11-17 00:17 Breakthrough strategy short sign on IOTX/USDT
But already have position.
2021-11-17 00:18 Breakthrough strategy short sign on IOTX/USDT
But already have position.
2021-11-17 00:18 Breakthrough strategy short sign on IOTX/USDT
But already have position.
2021-11-17 00:19 Breakthrough strategy short sign on IOTX/USDT
But already have position.
2021-11-17 00:19 Breakthrough strategy short sign on IOTX/USDT
But already have position.
2021-11-17 00:20 Breakthrough strategy short sign on SAND/USDT
But already have position.
2021-11-17 00:21 Breakthrough strategy short sign on SAND/USDT
But already have position.
2021-11-17 00:21 Breakthrough strategy short sign on SAND/USDT
But already have position.
2021-11-17 00:21 Breakthrough strategy short sign on SAND/USDT
But already have position.
2021-11-17 00:22 Breakthrough strategy short sign on SAND/USDT
But already have position.
2021-11-17 00:22 Breakthrough strategy short sign on SAND/USDT
But already have position.
2021-11-17 00:22 Breakthrough strategy short sign on MANA/USDT
But already have position.
2021-11-17 00:23 Breakthrough strategy short sign on SAND/USDT
But already have position.
2021-11-17 00:23 Breakthrough strategy short sign on MANA/USDT
But already have position.
2021-11-17 00:23 Breakthrough strategy short sign on SAND/USDT
But already have position.
2021-11-17 00:23 Breakthrough strategy short sign on MANA/USDT
But already have position.
2021-11-17 00:24 Breakthrough strategy short sign on SAND/USDT
But already have position.
2021-11-17 00:24 Breakthrough strategy short sign on MANA/USDT
But already have position.
2021-11-17 00:24 Breakthrough strategy short sign on SAND/USDT
But already have position.
2021-11-17 00:24 Breakthrough strategy short sign on MANA/USDT
But already have position.
2021-11-17 00:24 Breakthrough strategy short sign on SAND/USDT
But already have position.
2021-11-17 02:06 Breakthrough strategy short sign on SAND/USDT
But already have position.
2021-11-17 02:06 Breakthrough strategy short sign on SAND/USDT
But already have position.
2021-11-17 02:16 Breakthrough strategy short sign on SAND/USDT
But already have position.
2021-11-17 02:17 Breakthrough strategy short sign on SAND/USDT
But already have position.
2021-11-17 02:18 Breakthrough strategy short sign on SAND/USDT
But already have position.
2021-11-17 02:18 Breakthrough strategy short sign on SAND/USDT
But already have position.
2021-11-17 02:18 Breakthrough strategy short sign on SAND/USDT
But already have position.
2021-11-17 02:20 Breakthrough strategy short sign on SAND/USDT
But already have position.
2021-11-17 02:20 Breakthrough strategy short sign on SAND/USDT
But already have position.
2021-11-17 02:31 Breakthrough strategy short sign on MANA/USDT
MANA/USDT sell 3.225 6.147740947286822 3.4185
2021-11-17 02:32 Breakthrough strategy short sign on MANA/USDT
But already have position.
2021-11-17 02:32 Breakthrough strategy short sign on MANA/USDT
But already have position.
2021-11-17 02:32 Breakthrough strategy short sign on MANA/USDT
But already have position.
2021-11-17 02:33 Breakthrough strategy short sign on MANA/USDT
But already have position.
2021-11-17 02:33 Breakthrough strategy short sign on MANA/USDT
But already have position.
2021-11-17 02:34 Breakthrough strategy short sign on MANA/USDT
But already have position.
2021-11-17 02:34 Breakthrough strategy short sign on MANA/USDT
But already have position.
2021-11-17 02:34 Breakthrough strategy short sign on MANA/USDT
But already have position.
2021-11-17 02:41 Breakthrough strategy short sign on MANA/USDT
But already have position.
2021-11-17 02:41 Breakthrough strategy short sign on MANA/USDT
But already have position.
2021-11-17 02:42 Breakthrough strategy short sign on MANA/USDT
But already have position.
2021-11-17 02:42 Breakthrough strategy short sign on MANA/USDT
But already have position.
2021-11-17 02:42 Breakthrough strategy short sign on MANA/USDT
But already have position.
2021-11-17 02:43 Breakthrough strategy short sign on MANA/USDT
But already have position.
2021-11-17 02:43 Breakthrough strategy short sign on MANA/USDT
But already have position.
2021-11-17 02:44 Breakthrough strategy short sign on MANA/USDT
But already have position.
2021-11-17 02:44 Breakthrough strategy short sign on MANA/USDT
But already have position.
2021-11-17 02:44 Breakthrough strategy short sign on MANA/USDT
But already have position.
2021-11-17 02:46 Breakthrough strategy short sign on SAND/USDT
But already have position.
2021-11-17 02:46 Breakthrough strategy short sign on SAND/USDT
But already have position.
2021-11-17 02:47 Breakthrough strategy short sign on SAND/USDT
But already have position.
2021-11-17 02:52 Breakthrough strategy short sign on SAND/USDT
But already have position.
2021-11-17 02:55 Breakthrough strategy short sign on SAND/USDT
But already have position.
2021-11-17 02:56 Breakthrough strategy short sign on SAND/USDT
But already have position.
2021-11-17 02:56 Breakthrough strategy short sign on IOTX/USDT
IOTX/USDT sell 0.2155 91.71300401392112 0.228
IOTX/USDT is_breakthrough bybit {"ret_code":10002,"ret_msg":"invalid request, please check your timestamp and recv_window param. req_timestamp: 1637085422166 server_timestamp: 1637085428932 recv_window: 5000","ext_code":"","ext_info":"","result":null,"time_now":"1637085428.932308"}
2021-11-17 02:57 Breakthrough strategy short sign on IOTX/USDT
IOTX/USDT sell 0.21485 91.8455776821038 0.227
2021-11-17 02:58 Breakthrough strategy short sign on SAND/USDT
But already have position.
2021-11-17 03:00 Breakthrough strategy short sign on IOTX/USDT
But already have position.
2021-11-17 03:02 Breakthrough strategy short sign on MANA/USDT
But already have position.
New stop_loss_price :  3.3159
SAND/USDT sell 3.1941 6.0 3.3159
New stop_loss_price :  3.3925
SAND/USDT sell 3.2724 12.0 3.3925
2021-11-17 03:15 Breakthrough strategy short sign on IOTX/USDT
But already have position.
2021-11-17 03:15 Breakthrough strategy short sign on IOTX/USDT
But already have position.
2021-11-17 03:16 Breakthrough strategy short sign on IOTX/USDT
But already have position.
2021-11-17 03:17 Breakthrough strategy short sign on IOTX/USDT
But already have position.
2021-11-17 03:17 Breakthrough strategy short sign on IOTX/USDT
But already have position.
2021-11-17 03:18 Breakthrough strategy short sign on IOTX/USDT
But already have position.
2021-11-17 03:19 Breakthrough strategy short sign on IOTX/USDT
But already have position.
New stop_loss_price :  3.4875
MANA/USDT sell 3.355 6.1 3.4875
2021-11-17 03:29 Breakthrough strategy short sign on IOTX/USDT
But already have position.
New stop_loss_price :  3.5615
MANA/USDT sell 3.4295 12.2 3.5615
2021-11-17 03:39 Breakthrough strategy short sign on SAND/USDT
But already have position.
2021-11-17 04:10 Breakthrough strategy short sign on SAND/USDT
But already have position.
2021-11-17 04:10 Breakthrough strategy short sign on SAND/USDT
But already have position.
2021-11-17 04:11 Breakthrough strategy short sign on SAND/USDT
But already have position.
2021-11-17 04:11 Breakthrough strategy short sign on SAND/USDT
But already have position.
2021-11-17 04:39 Breakthrough strategy short sign on MANA/USDT
But already have position.
2021-11-17 04:59 Breakthrough strategy long sign on IOTX/USDT
IOTX/USDT buy 0.2113 96.64070840037861 0.198
2021-11-17 05:08 Breakthrough strategy long sign on IOTX/USDT
But already have position.
2021-11-17 05:09 Breakthrough strategy long sign on IOTX/USDT
But already have position.
2021-11-17 05:20 Breakthrough strategy long sign on IOTX/USDT
But already have position.
2021-11-17 05:26 Breakthrough strategy long sign on IOTX/USDT
But already have position.
2021-11-17 05:26 Breakthrough strategy long sign on IOTX/USDT
But already have position.
2021-11-17 05:27 Breakthrough strategy long sign on IOTX/USDT
But already have position.
2021-11-17 05:27 Breakthrough strategy long sign on IOTX/USDT
But already have position.
2021-11-17 05:28 Breakthrough strategy long sign on IOTX/USDT
But already have position.
MANA/USDT is_volume bybit {"ret_code":10002,"ret_msg":"invalid request, please check your timestamp and recv_window param. req_timestamp: 1637094987719 server_timestamp: 1637094992904 recv_window: 5000","ext_code":"","ext_info":"","result":null,"time_now":"1637094992.904166"}
2021-11-17 05:49 Breakthrough strategy long sign on IOTX/USDT
But already have position.
2021-11-17 05:49 Breakthrough strategy long sign on IOTX/USDT
But already have position.
2021-11-17 05:56 Breakthrough strategy long sign on IOTX/USDT
But already have position.
2021-11-17 05:56 Breakthrough strategy long sign on IOTX/USDT
But already have position.
2021-11-17 05:57 Breakthrough strategy long sign on IOTX/USDT
But already have position.
2021-11-17 05:57 Breakthrough strategy long sign on IOTX/USDT
But already have position.
2021-11-17 05:57 Breakthrough strategy long sign on IOTX/USDT
But already have position.
2021-11-17 05:58 Breakthrough strategy long sign on IOTX/USDT
But already have position.
2021-11-17 05:58 Breakthrough strategy long sign on IOTX/USDT
But already have position.
2021-11-17 05:59 Breakthrough strategy long sign on IOTX/USDT
But already have position.
2021-11-17 05:59 Breakthrough strategy long sign on IOTX/USDT
But already have position.
2021-11-17 05:59 Breakthrough strategy long sign on IOTX/USDT
But already have position.
2021-11-17 06:20 Breakthrough strategy short sign on SAND/USDT
But already have position.
2021-11-17 06:36 Breakthrough strategy short sign on SAND/USDT
But already have position.
2021-11-17 06:37 Breakthrough strategy short sign on MANA/USDT
MANA/USDT sell 3.3425 6.078853860882573 3.543
2021-11-17 06:38 Breakthrough strategy short sign on SAND/USDT
But already have position.
2021-11-17 06:41 Breakthrough strategy short sign on SAND/USDT
But already have position.
2021-11-17 06:41 Breakthrough strategy short sign on MANA/USDT
But already have position.
2021-11-17 06:48 Breakthrough strategy short sign on SAND/USDT
SAND/USDT sell 3.3455 5.904601227021373 3.5462
order cancelled
2021-11-17 06:49 Breakthrough strategy short sign on MANA/USDT
But already have position.
2021-11-17 06:49 Breakthrough strategy short sign on SAND/USDT
SAND/USDT sell 3.3239 5.9578637759860404 3.5233
2021-11-17 06:56 Breakthrough strategy short sign on SAND/USDT
But already have position.
2021-11-17 06:56 Breakthrough strategy short sign on SAND/USDT
But already have position.
2021-11-17 06:56 Breakthrough strategy short sign on SAND/USDT
But already have position.
2021-11-17 06:57 Breakthrough strategy short sign on SAND/USDT
But already have position.
2021-11-17 06:57 Breakthrough strategy short sign on SAND/USDT
But already have position.
2021-11-17 06:58 Breakthrough strategy short sign on SAND/USDT
But already have position.
2021-11-17 06:58 Breakthrough strategy short sign on SAND/USDT
But already have position.
2021-11-17 06:58 Breakthrough strategy short sign on SAND/USDT
But already have position.
2021-11-17 06:59 Breakthrough strategy short sign on SAND/USDT
But already have position.
2021-11-17 06:59 Breakthrough strategy short sign on SAND/USDT
But already have position.
2021-11-17 07:18 Breakthrough strategy short sign on MANA/USDT
But already have position.
2021-11-17 07:19 Breakthrough strategy short sign on MANA/USDT
But already have position.
2021-11-17 07:31 Breakthrough strategy short sign on IOTX/USDT
IOTX/USDT sell 0.22135 90.04188317144794 0.234
2021-11-17 07:31 Breakthrough strategy short sign on IOTX/USDT
But already have position.
2021-11-17 07:31 Breakthrough strategy short sign on IOTX/USDT
But already have position.
2021-11-17 07:32 Breakthrough strategy short sign on IOTX/USDT
But already have position.
2021-11-17 07:32 Breakthrough strategy short sign on IOTX/USDT
But already have position.
2021-11-17 07:35 Breakthrough strategy short sign on IOTX/USDT
But already have position.
2021-11-17 07:35 Breakthrough strategy short sign on IOTX/USDT
But already have position.
2021-11-17 07:36 Breakthrough strategy short sign on IOTX/USDT
But already have position.
2021-11-17 07:37 Breakthrough strategy short sign on IOTX/USDT
But already have position.
2021-11-17 07:37 Breakthrough strategy short sign on IOTX/USDT
But already have position.
2021-11-17 07:38 Breakthrough strategy short sign on IOTX/USDT
But already have position.
2021-11-17 07:38 Breakthrough strategy short sign on IOTX/USDT
But already have position.
2021-11-17 07:38 Breakthrough strategy short sign on IOTX/USDT
But already have position.
2021-11-17 07:39 Breakthrough strategy short sign on IOTX/USDT
But already have position.
2021-11-17 07:39 Breakthrough strategy short sign on IOTX/USDT
But already have position.
2021-11-17 08:11 Breakthrough strategy long sign on MANA/USDT
MANA/USDT buy 3.2795 6.213866793718556 3.0825
2021-11-17 08:14 Breakthrough strategy long sign on MANA/USDT
But already have position.
2021-11-17 08:35 Breakthrough strategy short sign on SAND/USDT
SAND/USDT sell 3.266 6.2558351990202095 3.462
2021-11-17 08:36 Breakthrough strategy short sign on SAND/USDT
But already have position.
2021-11-17 08:37 Breakthrough strategy short sign on SAND/USDT
But already have position.
2021-11-17 08:37 Breakthrough strategy short sign on SAND/USDT
But already have position.
2021-11-17 08:37 Breakthrough strategy short sign on SAND/USDT
But already have position.
2021-11-17 08:38 Breakthrough strategy short sign on SAND/USDT
But already have position.
2021-11-17 08:38 Breakthrough strategy short sign on SAND/USDT
But already have position.
2021-11-17 08:39 Breakthrough strategy short sign on SAND/USDT
But already have position.
2021-11-17 08:39 Breakthrough strategy short sign on SAND/USDT
But already have position.
2021-11-17 08:45 Breakthrough strategy long sign on MANA/USDT
But already have position.
2021-11-17 08:45 Breakthrough strategy long sign on MANA/USDT
But already have position.
2021-11-17 08:46 Breakthrough strategy long sign on MANA/USDT
But already have position.
2021-11-17 09:01 Breakthrough strategy long sign on MANA/USDT
But already have position.
2021-11-17 09:01 Breakthrough strategy long sign on MANA/USDT
But already have position.
2021-11-17 09:02 Breakthrough strategy long sign on MANA/USDT
But already have position.
2021-11-17 09:08 Breakthrough strategy long sign on MANA/USDT
But already have position.
2021-11-17 09:08 Breakthrough strategy long sign on MANA/USDT
But already have position.
2021-11-17 09:09 Breakthrough strategy long sign on MANA/USDT
But already have position.
2021-11-17 09:09 Breakthrough strategy long sign on MANA/USDT
But already have position.
2021-11-17 09:56 Breakthrough strategy long sign on IOTX/USDT
IOTX/USDT buy 0.2094 101.57152913085004 0.196
2021-11-17 09:57 Breakthrough strategy long sign on IOTX/USDT
But already have position.
2021-11-17 09:57 Breakthrough strategy long sign on IOTX/USDT
But already have position.
2021-11-17 09:58 Breakthrough strategy long sign on IOTX/USDT
But already have position.
2021-11-17 09:58 Breakthrough strategy long sign on IOTX/USDT
But already have position.
2021-11-17 09:58 Breakthrough strategy long sign on IOTX/USDT
But already have position.
2021-11-17 09:59 Breakthrough strategy long sign on IOTX/USDT
But already have position.
2021-11-17 09:59 Breakthrough strategy long sign on IOTX/USDT
But already have position.
2021-11-17 10:01 Breakthrough strategy long sign on IOTX/USDT
But already have position.
2021-11-17 10:01 Breakthrough strategy long sign on IOTX/USDT
But already have position.
2021-11-17 10:01 Breakthrough strategy long sign on IOTX/USDT
But already have position.
2021-11-17 10:02 Breakthrough strategy long sign on IOTX/USDT
But already have position.
2021-11-17 10:02 Breakthrough strategy long sign on IOTX/USDT
But already have position.
2021-11-17 10:02 Breakthrough strategy long sign on IOTX/USDT
But already have position.
2021-11-17 10:03 Breakthrough strategy long sign on IOTX/USDT
But already have position.
2021-11-17 10:03 Breakthrough strategy long sign on IOTX/USDT
But already have position.
2021-11-17 10:04 Breakthrough strategy long sign on IOTX/USDT
But already have position.
2021-11-17 10:04 Breakthrough strategy long sign on IOTX/USDT
But already have position.
2021-11-17 10:04 Breakthrough strategy long sign on IOTX/USDT
But already have position.
2021-11-17 10:14 Breakthrough strategy long sign on IOTX/USDT
But already have position.
2021-11-17 10:14 Breakthrough strategy long sign on IOTX/USDT
But already have position.
2021-11-17 10:14 Breakthrough strategy long sign on IOTX/USDT
But already have position.
2021-11-17 10:36 Breakthrough strategy long sign on IOTX/USDT
But already have position.
2021-11-17 10:37 Breakthrough strategy long sign on IOTX/USDT
But already have position.
2021-11-17 10:37 Breakthrough strategy long sign on IOTX/USDT
But already have position.
2021-11-17 10:37 Breakthrough strategy long sign on IOTX/USDT
But already have position.
2021-11-17 10:38 Breakthrough strategy long sign on IOTX/USDT
But already have position.
2021-11-17 10:38 Breakthrough strategy long sign on IOTX/USDT
But already have position.
2021-11-17 10:39 Breakthrough strategy long sign on IOTX/USDT
But already have position.
MANA/USDT is_breakthrough bybit {"ret_code":10002,"ret_msg":"invalid request, please check your timestamp and recv_window param. req_timestamp: 1637113397006 server_timestamp: 1637113403258 recv_window: 5000","ext_code":"","ext_info":"","result":null,"time_now":"1637113403.258769"}
2021-11-17 10:44 Breakthrough strategy long sign on IOTX/USDT
But already have position.
2021-11-17 10:45 Breakthrough strategy long sign on IOTX/USDT
But already have position.
2021-11-17 10:49 Breakthrough strategy short sign on MANA/USDT
MANA/USDT sell 3.4375 6.145680545454545 3.644
2021-11-17 10:52 Breakthrough strategy short sign on SAND/USDT
SAND/USDT sell 3.5082 6.031085161906391 3.7187
2021-11-17 10:53 Breakthrough strategy short sign on SAND/USDT
But already have position.
2021-11-17 10:54 Breakthrough strategy short sign on SAND/USDT
But already have position.
2021-11-17 10:54 Breakthrough strategy short sign on SAND/USDT
But already have position.
2021-11-17 11:07 Breakthrough strategy long sign on IOTX/USDT
But already have position.
2021-11-17 11:08 Breakthrough strategy long sign on IOTX/USDT
But already have position.
2021-11-17 11:09 Breakthrough strategy long sign on IOTX/USDT
But already have position.
2021-11-17 11:37 Breakthrough strategy long sign on IOTX/USDT
But already have position.
2021-11-17 11:37 Breakthrough strategy long sign on IOTX/USDT
But already have position.
2021-11-17 11:38 Breakthrough strategy long sign on IOTX/USDT
But already have position.
2021-11-17 11:38 Breakthrough strategy long sign on IOTX/USDT
But already have position.
2021-11-17 11:39 Breakthrough strategy long sign on IOTX/USDT
But already have position.
2021-11-17 11:39 Breakthrough strategy long sign on IOTX/USDT
But already have position.
2021-11-17 11:39 Breakthrough strategy long sign on IOTX/USDT
But already have position.
2021-11-17 12:45 Breakthrough strategy long sign on MANA/USDT
MANA/USDT buy 3.2555 6.82927111964368 3.06
2021-11-17 12:49 Breakthrough strategy long sign on MANA/USDT
But already have position.
2021-11-17 12:50 Breakthrough strategy long sign on MANA/USDT
But already have position.
2021-11-17 12:51 Breakthrough strategy long sign on MANA/USDT
But already have position.
2021-11-17 12:51 Breakthrough strategy long sign on MANA/USDT
But already have position.
2021-11-17 12:51 Breakthrough strategy long sign on MANA/USDT
But already have position.
2021-11-17 12:52 Breakthrough strategy long sign on MANA/USDT
But already have position.
2021-11-17 12:52 Breakthrough strategy long sign on MANA/USDT
But already have position.